[2025-04-13 18:34:22,857] {manager.py:514} INFO - Processing files using up to 2 processes at a time 
[2025-04-13 18:34:22,858] {manager.py:515} INFO - Process each file at most once every 30 seconds
[2025-04-13 18:34:22,858] {manager.py:517} INFO - Checking for new files in /opt/airflow/dags every 300 seconds
[2025-04-13 18:34:22,858] {manager.py:663} INFO - Searching for files in /opt/airflow/dags
[2025-04-13 18:34:22,871] {manager.py:666} INFO - There are 2 files in /opt/airflow/dags
[2025-04-13 18:34:22,930] {manager.py:1065} INFO - Finding 'running' jobs without a recent heartbeat
[2025-04-13 18:34:22,931] {manager.py:1069} INFO - Failing jobs without heartbeat after 2025-04-13 18:29:22.931429+00:00
[2025-04-13 18:34:22,970] {manager.py:784} INFO - 
================================================================================
DAG File Processing Stats

File Path                                  PID  Runtime      # DAGs    # Errors  Last Runtime    Last Run
---------------------------------------  -----  ---------  --------  ----------  --------------  ----------
/opt/airflow/dags/dag_data_ingest.py       165  0.04s             0           0
/opt/airflow/dags/dag_data_transform.py    167  0.04s             0           0
================================================================================
[2025-04-13 18:34:33,074] {manager.py:1065} INFO - Finding 'running' jobs without a recent heartbeat
[2025-04-13 18:34:33,075] {manager.py:1069} INFO - Failing jobs without heartbeat after 2025-04-13 18:29:33.075151+00:00
[2025-04-13 18:34:43,137] {manager.py:1065} INFO - Finding 'running' jobs without a recent heartbeat
[2025-04-13 18:34:43,138] {manager.py:1069} INFO - Failing jobs without heartbeat after 2025-04-13 18:29:43.138329+00:00
[2025-04-13 18:34:53,198] {manager.py:1065} INFO - Finding 'running' jobs without a recent heartbeat
[2025-04-13 18:34:53,199] {manager.py:1069} INFO - Failing jobs without heartbeat after 2025-04-13 18:29:53.199361+00:00
[2025-04-13 18:34:53,206] {manager.py:784} INFO - 
================================================================================
DAG File Processing Stats

File Path                                PID    Runtime      # DAGs    # Errors  Last Runtime    Last Run
---------------------------------------  -----  ---------  --------  ----------  --------------  -------------------
/opt/airflow/dags/dag_data_transform.py                           1           0  1.09s           2025-04-13T18:34:24
/opt/airflow/dags/dag_data_ingest.py                              2           0  1.11s           2025-04-13T18:34:24
================================================================================
[2025-04-13 18:35:03,516] {manager.py:1065} INFO - Finding 'running' jobs without a recent heartbeat
[2025-04-13 18:35:03,517] {manager.py:1069} INFO - Failing jobs without heartbeat after 2025-04-13 18:30:03.517302+00:00
[2025-04-13 18:35:13,576] {manager.py:1065} INFO - Finding 'running' jobs without a recent heartbeat
[2025-04-13 18:35:13,576] {manager.py:1069} INFO - Failing jobs without heartbeat after 2025-04-13 18:30:13.576719+00:00
[2025-04-13 18:35:23,649] {manager.py:1065} INFO - Finding 'running' jobs without a recent heartbeat
[2025-04-13 18:35:23,650] {manager.py:1069} INFO - Failing jobs without heartbeat after 2025-04-13 18:30:23.650536+00:00
[2025-04-13 18:35:23,672] {manager.py:784} INFO - 
================================================================================
DAG File Processing Stats

File Path                                PID    Runtime      # DAGs    # Errors  Last Runtime    Last Run
---------------------------------------  -----  ---------  --------  ----------  --------------  -------------------
/opt/airflow/dags/dag_data_transform.py                           1           0  0.33s           2025-04-13T18:34:54
/opt/airflow/dags/dag_data_ingest.py                              2           0  0.26s           2025-04-13T18:34:54
================================================================================
[2025-04-13 18:35:34,042] {manager.py:1065} INFO - Finding 'running' jobs without a recent heartbeat
[2025-04-13 18:35:34,043] {manager.py:1069} INFO - Failing jobs without heartbeat after 2025-04-13 18:30:34.043057+00:00
[2025-04-13 18:35:44,111] {manager.py:1065} INFO - Finding 'running' jobs without a recent heartbeat
[2025-04-13 18:35:44,112] {manager.py:1069} INFO - Failing jobs without heartbeat after 2025-04-13 18:30:44.112139+00:00
[2025-04-13 18:35:54,166] {manager.py:1065} INFO - Finding 'running' jobs without a recent heartbeat
[2025-04-13 18:35:54,166] {manager.py:1069} INFO - Failing jobs without heartbeat after 2025-04-13 18:30:54.166745+00:00
[2025-04-13 18:35:54,179] {manager.py:784} INFO - 
================================================================================
DAG File Processing Stats

File Path                                PID    Runtime      # DAGs    # Errors  Last Runtime    Last Run
---------------------------------------  -----  ---------  --------  ----------  --------------  -------------------
/opt/airflow/dags/dag_data_transform.py                           1           0  0.39s           2025-04-13T18:35:25
/opt/airflow/dags/dag_data_ingest.py                              2           0  0.33s           2025-04-13T18:35:25
================================================================================
[2025-04-13 18:36:04,479] {manager.py:1065} INFO - Finding 'running' jobs without a recent heartbeat
[2025-04-13 18:36:04,480] {manager.py:1069} INFO - Failing jobs without heartbeat after 2025-04-13 18:31:04.480408+00:00
[2025-04-13 18:36:14,542] {manager.py:1065} INFO - Finding 'running' jobs without a recent heartbeat
[2025-04-13 18:36:14,542] {manager.py:1069} INFO - Failing jobs without heartbeat after 2025-04-13 18:31:14.542831+00:00
[2025-04-13 18:36:24,613] {manager.py:1065} INFO - Finding 'running' jobs without a recent heartbeat
[2025-04-13 18:36:24,613] {manager.py:1069} INFO - Failing jobs without heartbeat after 2025-04-13 18:31:24.613865+00:00
[2025-04-13 18:36:24,627] {manager.py:784} INFO - 
================================================================================
DAG File Processing Stats

File Path                                PID    Runtime      # DAGs    # Errors  Last Runtime    Last Run
---------------------------------------  -----  ---------  --------  ----------  --------------  -------------------
/opt/airflow/dags/dag_data_transform.py                           1           0  0.32s           2025-04-13T18:35:55
/opt/airflow/dags/dag_data_ingest.py                              2           0  0.26s           2025-04-13T18:35:55
================================================================================
[2025-04-13 18:36:34,955] {manager.py:1065} INFO - Finding 'running' jobs without a recent heartbeat
[2025-04-13 18:36:34,956] {manager.py:1069} INFO - Failing jobs without heartbeat after 2025-04-13 18:31:34.956335+00:00
[2025-04-13 18:36:45,015] {manager.py:1065} INFO - Finding 'running' jobs without a recent heartbeat
[2025-04-13 18:36:45,015] {manager.py:1069} INFO - Failing jobs without heartbeat after 2025-04-13 18:31:45.015940+00:00
[2025-04-13 18:36:55,080] {manager.py:1065} INFO - Finding 'running' jobs without a recent heartbeat
[2025-04-13 18:36:55,081] {manager.py:1069} INFO - Failing jobs without heartbeat after 2025-04-13 18:31:55.080990+00:00
[2025-04-13 18:36:55,089] {manager.py:784} INFO - 
================================================================================
DAG File Processing Stats

File Path                                PID    Runtime      # DAGs    # Errors  Last Runtime    Last Run
---------------------------------------  -----  ---------  --------  ----------  --------------  -------------------
/opt/airflow/dags/dag_data_transform.py                           1           0  0.35s           2025-04-13T18:36:25
/opt/airflow/dags/dag_data_ingest.py                              2           0  0.29s           2025-04-13T18:36:25
================================================================================
[2025-04-13 18:37:05,384] {manager.py:1065} INFO - Finding 'running' jobs without a recent heartbeat
[2025-04-13 18:37:05,385] {manager.py:1069} INFO - Failing jobs without heartbeat after 2025-04-13 18:32:05.385111+00:00
[2025-04-13 18:37:15,434] {manager.py:1065} INFO - Finding 'running' jobs without a recent heartbeat
[2025-04-13 18:37:15,435] {manager.py:1069} INFO - Failing jobs without heartbeat after 2025-04-13 18:32:15.435438+00:00
[2025-04-13 18:37:25,507] {manager.py:1065} INFO - Finding 'running' jobs without a recent heartbeat
[2025-04-13 18:37:25,508] {manager.py:1069} INFO - Failing jobs without heartbeat after 2025-04-13 18:32:25.508364+00:00
[2025-04-13 18:37:25,522] {manager.py:784} INFO - 
================================================================================
DAG File Processing Stats

File Path                                PID    Runtime      # DAGs    # Errors  Last Runtime    Last Run
---------------------------------------  -----  ---------  --------  ----------  --------------  -------------------
/opt/airflow/dags/dag_data_transform.py                           1           0  0.32s           2025-04-13T18:36:56
/opt/airflow/dags/dag_data_ingest.py                              2           0  0.26s           2025-04-13T18:36:56
================================================================================
[2025-04-13 18:37:35,915] {manager.py:1065} INFO - Finding 'running' jobs without a recent heartbeat
[2025-04-13 18:37:35,915] {manager.py:1069} INFO - Failing jobs without heartbeat after 2025-04-13 18:32:35.915858+00:00
[2025-04-13 18:37:45,985] {manager.py:1065} INFO - Finding 'running' jobs without a recent heartbeat
[2025-04-13 18:37:45,986] {manager.py:1069} INFO - Failing jobs without heartbeat after 2025-04-13 18:32:45.986245+00:00
[2025-04-13 18:37:56,054] {manager.py:1065} INFO - Finding 'running' jobs without a recent heartbeat
[2025-04-13 18:37:56,055] {manager.py:1069} INFO - Failing jobs without heartbeat after 2025-04-13 18:32:56.055111+00:00
[2025-04-13 18:37:56,076] {manager.py:784} INFO - 
================================================================================
DAG File Processing Stats

File Path                                PID    Runtime      # DAGs    # Errors  Last Runtime    Last Run
---------------------------------------  -----  ---------  --------  ----------  --------------  -------------------
/opt/airflow/dags/dag_data_transform.py                           1           0  0.41s           2025-04-13T18:37:26
/opt/airflow/dags/dag_data_ingest.py                              2           0  0.36s           2025-04-13T18:37:26
================================================================================
[2025-04-13 18:38:06,376] {manager.py:1065} INFO - Finding 'running' jobs without a recent heartbeat
[2025-04-13 18:38:06,376] {manager.py:1069} INFO - Failing jobs without heartbeat after 2025-04-13 18:33:06.376958+00:00
[2025-04-13 18:38:16,441] {manager.py:1065} INFO - Finding 'running' jobs without a recent heartbeat
[2025-04-13 18:38:16,442] {manager.py:1069} INFO - Failing jobs without heartbeat after 2025-04-13 18:33:16.442478+00:00
[2025-04-13 18:38:26,501] {manager.py:1065} INFO - Finding 'running' jobs without a recent heartbeat
[2025-04-13 18:38:26,502] {manager.py:1069} INFO - Failing jobs without heartbeat after 2025-04-13 18:33:26.502161+00:00
[2025-04-13 18:38:26,511] {manager.py:784} INFO - 
================================================================================
DAG File Processing Stats

File Path                                PID    Runtime      # DAGs    # Errors  Last Runtime    Last Run
---------------------------------------  -----  ---------  --------  ----------  --------------  -------------------
/opt/airflow/dags/dag_data_transform.py                           1           0  0.30s           2025-04-13T18:37:57
/opt/airflow/dags/dag_data_ingest.py                              2           0  0.25s           2025-04-13T18:37:57
================================================================================
[2025-04-13 18:38:36,846] {manager.py:1065} INFO - Finding 'running' jobs without a recent heartbeat
[2025-04-13 18:38:36,846] {manager.py:1069} INFO - Failing jobs without heartbeat after 2025-04-13 18:33:36.846547+00:00
[2025-04-13 18:38:46,906] {manager.py:1065} INFO - Finding 'running' jobs without a recent heartbeat
[2025-04-13 18:38:46,907] {manager.py:1069} INFO - Failing jobs without heartbeat after 2025-04-13 18:33:46.907435+00:00
[2025-04-13 18:38:56,969] {manager.py:1065} INFO - Finding 'running' jobs without a recent heartbeat
[2025-04-13 18:38:56,970] {manager.py:1069} INFO - Failing jobs without heartbeat after 2025-04-13 18:33:56.970406+00:00
[2025-04-13 18:38:56,985] {manager.py:784} INFO - 
================================================================================
DAG File Processing Stats

File Path                                PID    Runtime      # DAGs    # Errors  Last Runtime    Last Run
---------------------------------------  -----  ---------  --------  ----------  --------------  -------------------
/opt/airflow/dags/dag_data_transform.py                           1           0  0.36s           2025-04-13T18:38:27
/opt/airflow/dags/dag_data_ingest.py                              2           0  0.29s           2025-04-13T18:38:27
================================================================================
[2025-04-13 18:39:07,331] {manager.py:1065} INFO - Finding 'running' jobs without a recent heartbeat
[2025-04-13 18:39:07,332] {manager.py:1069} INFO - Failing jobs without heartbeat after 2025-04-13 18:34:07.332404+00:00
[2025-04-13 18:39:17,388] {manager.py:1065} INFO - Finding 'running' jobs without a recent heartbeat
[2025-04-13 18:39:17,390] {manager.py:1069} INFO - Failing jobs without heartbeat after 2025-04-13 18:34:17.390191+00:00
[2025-04-13 18:39:23,441] {manager.py:663} INFO - Searching for files in /opt/airflow/dags
[2025-04-13 18:39:23,487] {manager.py:666} INFO - There are 2 files in /opt/airflow/dags
[2025-04-13 18:39:27,530] {manager.py:1065} INFO - Finding 'running' jobs without a recent heartbeat
[2025-04-13 18:39:27,531] {manager.py:1069} INFO - Failing jobs without heartbeat after 2025-04-13 18:34:27.531389+00:00
[2025-04-13 18:39:27,541] {manager.py:784} INFO - 
================================================================================
DAG File Processing Stats

File Path                                PID    Runtime      # DAGs    # Errors  Last Runtime    Last Run
---------------------------------------  -----  ---------  --------  ----------  --------------  -------------------
/opt/airflow/dags/dag_data_transform.py                           1           0  0.36s           2025-04-13T18:38:58
/opt/airflow/dags/dag_data_ingest.py                              2           0  0.31s           2025-04-13T18:38:58
================================================================================
[2025-04-13 18:39:37,875] {manager.py:1065} INFO - Finding 'running' jobs without a recent heartbeat
[2025-04-13 18:39:37,875] {manager.py:1069} INFO - Failing jobs without heartbeat after 2025-04-13 18:34:37.875504+00:00
[2025-04-13 18:39:47,940] {manager.py:1065} INFO - Finding 'running' jobs without a recent heartbeat
[2025-04-13 18:39:47,941] {manager.py:1069} INFO - Failing jobs without heartbeat after 2025-04-13 18:34:47.941270+00:00
[2025-04-13 18:39:58,000] {manager.py:1065} INFO - Finding 'running' jobs without a recent heartbeat
[2025-04-13 18:39:58,001] {manager.py:1069} INFO - Failing jobs without heartbeat after 2025-04-13 18:34:58.000939+00:00
[2025-04-13 18:39:58,023] {manager.py:784} INFO - 
================================================================================
DAG File Processing Stats

File Path                                PID    Runtime      # DAGs    # Errors  Last Runtime    Last Run
---------------------------------------  -----  ---------  --------  ----------  --------------  -------------------
/opt/airflow/dags/dag_data_transform.py                           1           0  0.36s           2025-04-13T18:39:28
/opt/airflow/dags/dag_data_ingest.py                              2           0  0.30s           2025-04-13T18:39:28
================================================================================
[2025-04-13 18:40:08,379] {manager.py:1065} INFO - Finding 'running' jobs without a recent heartbeat
[2025-04-13 18:40:08,381] {manager.py:1069} INFO - Failing jobs without heartbeat after 2025-04-13 18:35:08.381727+00:00
[2025-04-13 18:40:18,447] {manager.py:1065} INFO - Finding 'running' jobs without a recent heartbeat
[2025-04-13 18:40:18,448] {manager.py:1069} INFO - Failing jobs without heartbeat after 2025-04-13 18:35:18.448823+00:00
[2025-04-13 18:40:28,525] {manager.py:1065} INFO - Finding 'running' jobs without a recent heartbeat
[2025-04-13 18:40:28,526] {manager.py:1069} INFO - Failing jobs without heartbeat after 2025-04-13 18:35:28.526442+00:00
[2025-04-13 18:40:28,548] {manager.py:784} INFO - 
================================================================================
DAG File Processing Stats

File Path                                PID    Runtime      # DAGs    # Errors  Last Runtime    Last Run
---------------------------------------  -----  ---------  --------  ----------  --------------  -------------------
/opt/airflow/dags/dag_data_transform.py                           1           0  0.42s           2025-04-13T18:39:59
/opt/airflow/dags/dag_data_ingest.py                              2           0  0.32s           2025-04-13T18:39:59
================================================================================
[2025-04-13 18:40:38,832] {manager.py:1065} INFO - Finding 'running' jobs without a recent heartbeat
[2025-04-13 18:40:38,833] {manager.py:1069} INFO - Failing jobs without heartbeat after 2025-04-13 18:35:38.833332+00:00
[2025-04-13 18:40:48,931] {manager.py:1065} INFO - Finding 'running' jobs without a recent heartbeat
[2025-04-13 18:40:48,931] {manager.py:1069} INFO - Failing jobs without heartbeat after 2025-04-13 18:35:48.931766+00:00
[2025-04-13 18:40:59,002] {manager.py:1065} INFO - Finding 'running' jobs without a recent heartbeat
[2025-04-13 18:40:59,003] {manager.py:1069} INFO - Failing jobs without heartbeat after 2025-04-13 18:35:59.003268+00:00
[2025-04-13 18:40:59,019] {manager.py:784} INFO - 
================================================================================
DAG File Processing Stats

File Path                                PID    Runtime      # DAGs    # Errors  Last Runtime    Last Run
---------------------------------------  -----  ---------  --------  ----------  --------------  -------------------
/opt/airflow/dags/dag_data_transform.py                           1           0  0.30s           2025-04-13T18:40:29
/opt/airflow/dags/dag_data_ingest.py                              2           0  0.24s           2025-04-13T18:40:29
================================================================================
[2025-04-13 18:41:09,373] {manager.py:1065} INFO - Finding 'running' jobs without a recent heartbeat
[2025-04-13 18:41:09,374] {manager.py:1069} INFO - Failing jobs without heartbeat after 2025-04-13 18:36:09.374202+00:00
[2025-04-13 18:41:19,430] {manager.py:1065} INFO - Finding 'running' jobs without a recent heartbeat
[2025-04-13 18:41:19,431] {manager.py:1069} INFO - Failing jobs without heartbeat after 2025-04-13 18:36:19.431097+00:00
[2025-04-13 18:41:29,467] {manager.py:1065} INFO - Finding 'running' jobs without a recent heartbeat
[2025-04-13 18:41:29,468] {manager.py:1069} INFO - Failing jobs without heartbeat after 2025-04-13 18:36:29.468224+00:00
[2025-04-13 18:41:29,480] {manager.py:784} INFO - 
================================================================================
DAG File Processing Stats

File Path                                PID    Runtime      # DAGs    # Errors  Last Runtime    Last Run
---------------------------------------  -----  ---------  --------  ----------  --------------  -------------------
/opt/airflow/dags/dag_data_transform.py                           1           0  0.39s           2025-04-13T18:41:00
/opt/airflow/dags/dag_data_ingest.py                              2           0  0.31s           2025-04-13T18:41:00
================================================================================
[2025-04-13 18:41:39,886] {manager.py:1065} INFO - Finding 'running' jobs without a recent heartbeat
[2025-04-13 18:41:39,887] {manager.py:1069} INFO - Failing jobs without heartbeat after 2025-04-13 18:36:39.887400+00:00
[2025-04-13 18:41:49,957] {manager.py:1065} INFO - Finding 'running' jobs without a recent heartbeat
[2025-04-13 18:41:49,958] {manager.py:1069} INFO - Failing jobs without heartbeat after 2025-04-13 18:36:49.958421+00:00
[2025-04-13 18:42:00,020] {manager.py:1065} INFO - Finding 'running' jobs without a recent heartbeat
[2025-04-13 18:42:00,021] {manager.py:1069} INFO - Failing jobs without heartbeat after 2025-04-13 18:37:00.021371+00:00
[2025-04-13 18:42:00,033] {manager.py:784} INFO - 
================================================================================
DAG File Processing Stats

File Path                                PID    Runtime      # DAGs    # Errors  Last Runtime    Last Run
---------------------------------------  -----  ---------  --------  ----------  --------------  -------------------
/opt/airflow/dags/dag_data_transform.py                           1           0  0.41s           2025-04-13T18:41:30
/opt/airflow/dags/dag_data_ingest.py                              2           0  0.35s           2025-04-13T18:41:30
================================================================================
[2025-04-13 18:42:10,453] {manager.py:1065} INFO - Finding 'running' jobs without a recent heartbeat
[2025-04-13 18:42:10,454] {manager.py:1069} INFO - Failing jobs without heartbeat after 2025-04-13 18:37:10.454305+00:00
[2025-04-13 18:42:20,525] {manager.py:1065} INFO - Finding 'running' jobs without a recent heartbeat
[2025-04-13 18:42:20,525] {manager.py:1069} INFO - Failing jobs without heartbeat after 2025-04-13 18:37:20.525483+00:00
[2025-04-13 18:42:30,587] {manager.py:1065} INFO - Finding 'running' jobs without a recent heartbeat
[2025-04-13 18:42:30,588] {manager.py:1069} INFO - Failing jobs without heartbeat after 2025-04-13 18:37:30.588660+00:00
[2025-04-13 18:42:30,601] {manager.py:784} INFO - 
================================================================================
DAG File Processing Stats

File Path                                PID    Runtime      # DAGs    # Errors  Last Runtime    Last Run
---------------------------------------  -----  ---------  --------  ----------  --------------  -------------------
/opt/airflow/dags/dag_data_transform.py                           1           0  0.45s           2025-04-13T18:42:01
/opt/airflow/dags/dag_data_ingest.py                              2           0  0.37s           2025-04-13T18:42:01
================================================================================
[2025-04-13 18:42:40,962] {manager.py:1065} INFO - Finding 'running' jobs without a recent heartbeat
[2025-04-13 18:42:40,964] {manager.py:1069} INFO - Failing jobs without heartbeat after 2025-04-13 18:37:40.964304+00:00
[2025-04-13 18:42:51,045] {manager.py:1065} INFO - Finding 'running' jobs without a recent heartbeat
[2025-04-13 18:42:51,046] {manager.py:1069} INFO - Failing jobs without heartbeat after 2025-04-13 18:37:51.046660+00:00
[2025-04-13 18:43:01,093] {manager.py:1065} INFO - Finding 'running' jobs without a recent heartbeat
[2025-04-13 18:43:01,093] {manager.py:1069} INFO - Failing jobs without heartbeat after 2025-04-13 18:38:01.093708+00:00
[2025-04-13 18:43:01,100] {manager.py:784} INFO - 
================================================================================
DAG File Processing Stats

File Path                                PID    Runtime      # DAGs    # Errors  Last Runtime    Last Run
---------------------------------------  -----  ---------  --------  ----------  --------------  -------------------
/opt/airflow/dags/dag_data_transform.py                           1           0  0.34s           2025-04-13T18:42:31
/opt/airflow/dags/dag_data_ingest.py                              2           0  0.31s           2025-04-13T18:42:31
================================================================================
[2025-04-13 18:43:11,594] {manager.py:1065} INFO - Finding 'running' jobs without a recent heartbeat
[2025-04-13 18:43:11,595] {manager.py:1069} INFO - Failing jobs without heartbeat after 2025-04-13 18:38:11.595250+00:00
[2025-04-13 18:43:21,648] {manager.py:1065} INFO - Finding 'running' jobs without a recent heartbeat
[2025-04-13 18:43:21,649] {manager.py:1069} INFO - Failing jobs without heartbeat after 2025-04-13 18:38:21.649084+00:00
[2025-04-13 18:43:31,688] {manager.py:1065} INFO - Finding 'running' jobs without a recent heartbeat
[2025-04-13 18:43:31,689] {manager.py:1069} INFO - Failing jobs without heartbeat after 2025-04-13 18:38:31.689298+00:00
[2025-04-13 18:43:31,704] {manager.py:784} INFO - 
================================================================================
DAG File Processing Stats

File Path                                PID    Runtime      # DAGs    # Errors  Last Runtime    Last Run
---------------------------------------  -----  ---------  --------  ----------  --------------  -------------------
/opt/airflow/dags/dag_data_transform.py                           1           0  0.52s           2025-04-13T18:43:02
/opt/airflow/dags/dag_data_ingest.py                              2           0  0.44s           2025-04-13T18:43:02
================================================================================
[2025-04-13 18:43:42,096] {manager.py:1065} INFO - Finding 'running' jobs without a recent heartbeat
[2025-04-13 18:43:42,097] {manager.py:1069} INFO - Failing jobs without heartbeat after 2025-04-13 18:38:42.097655+00:00
[2025-04-13 18:43:52,157] {manager.py:1065} INFO - Finding 'running' jobs without a recent heartbeat
[2025-04-13 18:43:52,165] {manager.py:1069} INFO - Failing jobs without heartbeat after 2025-04-13 18:38:52.165132+00:00
[2025-04-13 18:44:02,196] {manager.py:1065} INFO - Finding 'running' jobs without a recent heartbeat
[2025-04-13 18:44:02,196] {manager.py:1069} INFO - Failing jobs without heartbeat after 2025-04-13 18:39:02.196535+00:00
[2025-04-13 18:44:02,204] {manager.py:784} INFO - 
================================================================================
DAG File Processing Stats

File Path                                PID    Runtime      # DAGs    # Errors  Last Runtime    Last Run
---------------------------------------  -----  ---------  --------  ----------  --------------  -------------------
/opt/airflow/dags/dag_data_transform.py                           1           0  0.42s           2025-04-13T18:43:33
/opt/airflow/dags/dag_data_ingest.py                              2           0  0.34s           2025-04-13T18:43:33
================================================================================
[2025-04-13 18:44:12,564] {manager.py:1065} INFO - Finding 'running' jobs without a recent heartbeat
[2025-04-13 18:44:12,565] {manager.py:1069} INFO - Failing jobs without heartbeat after 2025-04-13 18:39:12.565383+00:00
[2025-04-13 18:44:22,619] {manager.py:1065} INFO - Finding 'running' jobs without a recent heartbeat
[2025-04-13 18:44:22,620] {manager.py:1069} INFO - Failing jobs without heartbeat after 2025-04-13 18:39:22.620316+00:00
[2025-04-13 18:44:23,634] {manager.py:663} INFO - Searching for files in /opt/airflow/dags
[2025-04-13 18:44:23,685] {manager.py:666} INFO - There are 2 files in /opt/airflow/dags
[2025-04-13 18:44:32,746] {manager.py:1065} INFO - Finding 'running' jobs without a recent heartbeat
[2025-04-13 18:44:32,746] {manager.py:1069} INFO - Failing jobs without heartbeat after 2025-04-13 18:39:32.746559+00:00
[2025-04-13 18:44:32,753] {manager.py:784} INFO - 
================================================================================
DAG File Processing Stats

File Path                                PID    Runtime      # DAGs    # Errors  Last Runtime    Last Run
---------------------------------------  -----  ---------  --------  ----------  --------------  -------------------
/opt/airflow/dags/dag_data_transform.py                           1           0  0.37s           2025-04-13T18:44:03
/opt/airflow/dags/dag_data_ingest.py                              2           0  0.30s           2025-04-13T18:44:03
================================================================================
[2025-04-13 18:44:43,069] {manager.py:1065} INFO - Finding 'running' jobs without a recent heartbeat
[2025-04-13 18:44:43,070] {manager.py:1069} INFO - Failing jobs without heartbeat after 2025-04-13 18:39:43.070466+00:00
[2025-04-13 18:44:53,126] {manager.py:1065} INFO - Finding 'running' jobs without a recent heartbeat
[2025-04-13 18:44:53,127] {manager.py:1069} INFO - Failing jobs without heartbeat after 2025-04-13 18:39:53.127416+00:00
[2025-04-13 18:45:03,179] {manager.py:1065} INFO - Finding 'running' jobs without a recent heartbeat
[2025-04-13 18:45:03,180] {manager.py:1069} INFO - Failing jobs without heartbeat after 2025-04-13 18:40:03.180231+00:00
[2025-04-13 18:45:03,188] {manager.py:784} INFO - 
================================================================================
DAG File Processing Stats

File Path                                PID    Runtime      # DAGs    # Errors  Last Runtime    Last Run
---------------------------------------  -----  ---------  --------  ----------  --------------  -------------------
/opt/airflow/dags/dag_data_transform.py                           1           0  0.33s           2025-04-13T18:44:34
/opt/airflow/dags/dag_data_ingest.py                              2           0  0.27s           2025-04-13T18:44:34
================================================================================
[2025-04-13 18:45:13,505] {manager.py:1065} INFO - Finding 'running' jobs without a recent heartbeat
[2025-04-13 18:45:13,506] {manager.py:1069} INFO - Failing jobs without heartbeat after 2025-04-13 18:40:13.506106+00:00
[2025-04-13 18:45:23,581] {manager.py:1065} INFO - Finding 'running' jobs without a recent heartbeat
[2025-04-13 18:45:23,582] {manager.py:1069} INFO - Failing jobs without heartbeat after 2025-04-13 18:40:23.582544+00:00
[2025-04-13 18:45:33,641] {manager.py:1065} INFO - Finding 'running' jobs without a recent heartbeat
[2025-04-13 18:45:33,642] {manager.py:1069} INFO - Failing jobs without heartbeat after 2025-04-13 18:40:33.642213+00:00
[2025-04-13 18:45:33,664] {manager.py:784} INFO - 
================================================================================
DAG File Processing Stats

File Path                                PID    Runtime      # DAGs    # Errors  Last Runtime    Last Run
---------------------------------------  -----  ---------  --------  ----------  --------------  -------------------
/opt/airflow/dags/dag_data_transform.py                           1           0  0.32s           2025-04-13T18:45:04
/opt/airflow/dags/dag_data_ingest.py                              2           0  0.25s           2025-04-13T18:45:04
================================================================================
[2025-04-13 18:45:43,992] {manager.py:1065} INFO - Finding 'running' jobs without a recent heartbeat
[2025-04-13 18:45:43,993] {manager.py:1069} INFO - Failing jobs without heartbeat after 2025-04-13 18:40:43.993614+00:00
[2025-04-13 18:45:54,069] {manager.py:1065} INFO - Finding 'running' jobs without a recent heartbeat
[2025-04-13 18:45:54,070] {manager.py:1069} INFO - Failing jobs without heartbeat after 2025-04-13 18:40:54.070742+00:00
[2025-04-13 18:46:04,124] {manager.py:1065} INFO - Finding 'running' jobs without a recent heartbeat
[2025-04-13 18:46:04,124] {manager.py:1069} INFO - Failing jobs without heartbeat after 2025-04-13 18:41:04.124928+00:00
[2025-04-13 18:46:04,133] {manager.py:784} INFO - 
================================================================================
DAG File Processing Stats

File Path                                PID    Runtime      # DAGs    # Errors  Last Runtime    Last Run
---------------------------------------  -----  ---------  --------  ----------  --------------  -------------------
/opt/airflow/dags/dag_data_transform.py                           1           0  0.32s           2025-04-13T18:45:34
/opt/airflow/dags/dag_data_ingest.py                              2           0  0.27s           2025-04-13T18:45:34
================================================================================
[2025-04-13 18:46:14,565] {manager.py:1065} INFO - Finding 'running' jobs without a recent heartbeat
[2025-04-13 18:46:14,566] {manager.py:1069} INFO - Failing jobs without heartbeat after 2025-04-13 18:41:14.566645+00:00
[2025-04-13 18:46:24,635] {manager.py:1065} INFO - Finding 'running' jobs without a recent heartbeat
[2025-04-13 18:46:24,635] {manager.py:1069} INFO - Failing jobs without heartbeat after 2025-04-13 18:41:24.635831+00:00
[2025-04-13 18:46:34,698] {manager.py:1065} INFO - Finding 'running' jobs without a recent heartbeat
[2025-04-13 18:46:34,699] {manager.py:1069} INFO - Failing jobs without heartbeat after 2025-04-13 18:41:34.698982+00:00
[2025-04-13 18:46:34,706] {manager.py:784} INFO - 
================================================================================
DAG File Processing Stats

File Path                                PID    Runtime      # DAGs    # Errors  Last Runtime    Last Run
---------------------------------------  -----  ---------  --------  ----------  --------------  -------------------
/opt/airflow/dags/dag_data_transform.py                           1           0  0.46s           2025-04-13T18:46:05
/opt/airflow/dags/dag_data_ingest.py                              2           0  0.37s           2025-04-13T18:46:05
================================================================================
[2025-04-13 18:46:45,036] {manager.py:1065} INFO - Finding 'running' jobs without a recent heartbeat
[2025-04-13 18:46:45,037] {manager.py:1069} INFO - Failing jobs without heartbeat after 2025-04-13 18:41:45.037780+00:00
[2025-04-13 18:46:55,121] {manager.py:1065} INFO - Finding 'running' jobs without a recent heartbeat
[2025-04-13 18:46:55,121] {manager.py:1069} INFO - Failing jobs without heartbeat after 2025-04-13 18:41:55.121850+00:00
[2025-04-13 18:47:05,169] {manager.py:1065} INFO - Finding 'running' jobs without a recent heartbeat
[2025-04-13 18:47:05,170] {manager.py:1069} INFO - Failing jobs without heartbeat after 2025-04-13 18:42:05.170218+00:00
[2025-04-13 18:47:05,194] {manager.py:784} INFO - 
================================================================================
DAG File Processing Stats

File Path                                PID    Runtime      # DAGs    # Errors  Last Runtime    Last Run
---------------------------------------  -----  ---------  --------  ----------  --------------  -------------------
/opt/airflow/dags/dag_data_transform.py                           1           0  0.33s           2025-04-13T18:46:36
/opt/airflow/dags/dag_data_ingest.py                              2           0  0.27s           2025-04-13T18:46:35
================================================================================
[2025-04-13 18:47:15,562] {manager.py:1065} INFO - Finding 'running' jobs without a recent heartbeat
[2025-04-13 18:47:15,563] {manager.py:1069} INFO - Failing jobs without heartbeat after 2025-04-13 18:42:15.563649+00:00
[2025-04-13 18:47:25,636] {manager.py:1065} INFO - Finding 'running' jobs without a recent heartbeat
[2025-04-13 18:47:25,637] {manager.py:1069} INFO - Failing jobs without heartbeat after 2025-04-13 18:42:25.637309+00:00
[2025-04-13 18:47:35,684] {manager.py:1065} INFO - Finding 'running' jobs without a recent heartbeat
[2025-04-13 18:47:35,685] {manager.py:1069} INFO - Failing jobs without heartbeat after 2025-04-13 18:42:35.685081+00:00
[2025-04-13 18:47:35,693] {manager.py:784} INFO - 
================================================================================
DAG File Processing Stats

File Path                                PID    Runtime      # DAGs    # Errors  Last Runtime    Last Run
---------------------------------------  -----  ---------  --------  ----------  --------------  -------------------
/opt/airflow/dags/dag_data_transform.py                           1           0  0.36s           2025-04-13T18:47:06
/opt/airflow/dags/dag_data_ingest.py                              2           0  0.31s           2025-04-13T18:47:06
================================================================================
[2025-04-13 18:47:46,037] {manager.py:1065} INFO - Finding 'running' jobs without a recent heartbeat
[2025-04-13 18:47:46,037] {manager.py:1069} INFO - Failing jobs without heartbeat after 2025-04-13 18:42:46.037693+00:00
[2025-04-13 18:47:56,115] {manager.py:1065} INFO - Finding 'running' jobs without a recent heartbeat
[2025-04-13 18:47:56,116] {manager.py:1069} INFO - Failing jobs without heartbeat after 2025-04-13 18:42:56.116528+00:00
[2025-04-13 18:48:06,153] {manager.py:1065} INFO - Finding 'running' jobs without a recent heartbeat
[2025-04-13 18:48:06,153] {manager.py:1069} INFO - Failing jobs without heartbeat after 2025-04-13 18:43:06.153581+00:00
[2025-04-13 18:48:06,160] {manager.py:784} INFO - 
================================================================================
DAG File Processing Stats

File Path                                PID    Runtime      # DAGs    # Errors  Last Runtime    Last Run
---------------------------------------  -----  ---------  --------  ----------  --------------  -------------------
/opt/airflow/dags/dag_data_transform.py                           1           0  0.33s           2025-04-13T18:47:37
/opt/airflow/dags/dag_data_ingest.py                              2           0  0.28s           2025-04-13T18:47:36
================================================================================
[2025-04-13 18:48:16,676] {manager.py:1065} INFO - Finding 'running' jobs without a recent heartbeat
[2025-04-13 18:48:16,677] {manager.py:1069} INFO - Failing jobs without heartbeat after 2025-04-13 18:43:16.677513+00:00
[2025-04-13 18:48:26,752] {manager.py:1065} INFO - Finding 'running' jobs without a recent heartbeat
[2025-04-13 18:48:26,753] {manager.py:1069} INFO - Failing jobs without heartbeat after 2025-04-13 18:43:26.753420+00:00
[2025-04-13 18:48:36,790] {manager.py:1065} INFO - Finding 'running' jobs without a recent heartbeat
[2025-04-13 18:48:36,790] {manager.py:1069} INFO - Failing jobs without heartbeat after 2025-04-13 18:43:36.790893+00:00
[2025-04-13 18:48:36,799] {manager.py:784} INFO - 
================================================================================
DAG File Processing Stats

File Path                                PID    Runtime      # DAGs    # Errors  Last Runtime    Last Run
---------------------------------------  -----  ---------  --------  ----------  --------------  -------------------
/opt/airflow/dags/dag_data_transform.py                           1           0  0.47s           2025-04-13T18:48:07
/opt/airflow/dags/dag_data_ingest.py                              2           0  0.41s           2025-04-13T18:48:07
================================================================================
[2025-04-13 18:48:47,123] {manager.py:1065} INFO - Finding 'running' jobs without a recent heartbeat
[2025-04-13 18:48:47,124] {manager.py:1069} INFO - Failing jobs without heartbeat after 2025-04-13 18:43:47.124065+00:00
[2025-04-13 18:48:57,198] {manager.py:1065} INFO - Finding 'running' jobs without a recent heartbeat
[2025-04-13 18:48:57,199] {manager.py:1069} INFO - Failing jobs without heartbeat after 2025-04-13 18:43:57.199285+00:00
[2025-04-13 18:49:07,249] {manager.py:1065} INFO - Finding 'running' jobs without a recent heartbeat
[2025-04-13 18:49:07,250] {manager.py:1069} INFO - Failing jobs without heartbeat after 2025-04-13 18:44:07.250376+00:00
[2025-04-13 18:49:07,262] {manager.py:784} INFO - 
================================================================================
DAG File Processing Stats

File Path                                PID    Runtime      # DAGs    # Errors  Last Runtime    Last Run
---------------------------------------  -----  ---------  --------  ----------  --------------  -------------------
/opt/airflow/dags/dag_data_transform.py                           1           0  0.33s           2025-04-13T18:48:38
/opt/airflow/dags/dag_data_ingest.py                              2           0  0.27s           2025-04-13T18:48:38
================================================================================
[2025-04-13 18:49:17,587] {manager.py:1065} INFO - Finding 'running' jobs without a recent heartbeat
[2025-04-13 18:49:17,588] {manager.py:1069} INFO - Failing jobs without heartbeat after 2025-04-13 18:44:17.588457+00:00
[2025-04-13 18:49:23,642] {manager.py:663} INFO - Searching for files in /opt/airflow/dags
[2025-04-13 18:49:23,663] {manager.py:666} INFO - There are 2 files in /opt/airflow/dags
[2025-04-13 18:49:27,697] {manager.py:1065} INFO - Finding 'running' jobs without a recent heartbeat
[2025-04-13 18:49:27,698] {manager.py:1069} INFO - Failing jobs without heartbeat after 2025-04-13 18:44:27.698622+00:00
[2025-04-13 18:49:37,757] {manager.py:1065} INFO - Finding 'running' jobs without a recent heartbeat
[2025-04-13 18:49:37,758] {manager.py:1069} INFO - Failing jobs without heartbeat after 2025-04-13 18:44:37.758512+00:00
[2025-04-13 18:49:37,781] {manager.py:784} INFO - 
================================================================================
DAG File Processing Stats

File Path                                PID    Runtime      # DAGs    # Errors  Last Runtime    Last Run
---------------------------------------  -----  ---------  --------  ----------  --------------  -------------------
/opt/airflow/dags/dag_data_transform.py                           1           0  0.35s           2025-04-13T18:49:08
/opt/airflow/dags/dag_data_ingest.py                              2           0  0.27s           2025-04-13T18:49:08
================================================================================
[2025-04-13 18:49:48,123] {manager.py:1065} INFO - Finding 'running' jobs without a recent heartbeat
[2025-04-13 18:49:48,125] {manager.py:1069} INFO - Failing jobs without heartbeat after 2025-04-13 18:44:48.125047+00:00
[2025-04-13 18:49:58,199] {manager.py:1065} INFO - Finding 'running' jobs without a recent heartbeat
[2025-04-13 18:49:58,202] {manager.py:1069} INFO - Failing jobs without heartbeat after 2025-04-13 18:44:58.202003+00:00
[2025-04-13 18:50:08,250] {manager.py:1065} INFO - Finding 'running' jobs without a recent heartbeat
[2025-04-13 18:50:08,252] {manager.py:1069} INFO - Failing jobs without heartbeat after 2025-04-13 18:45:08.252478+00:00
[2025-04-13 18:50:08,264] {manager.py:784} INFO - 
================================================================================
DAG File Processing Stats

File Path                                PID    Runtime      # DAGs    # Errors  Last Runtime    Last Run
---------------------------------------  -----  ---------  --------  ----------  --------------  -------------------
/opt/airflow/dags/dag_data_transform.py                           1           0  0.34s           2025-04-13T18:49:39
/opt/airflow/dags/dag_data_ingest.py                              2           0  0.28s           2025-04-13T18:49:39
================================================================================
[2025-04-13 18:50:18,644] {manager.py:1065} INFO - Finding 'running' jobs without a recent heartbeat
[2025-04-13 18:50:18,645] {manager.py:1069} INFO - Failing jobs without heartbeat after 2025-04-13 18:45:18.645792+00:00
[2025-04-13 18:50:28,707] {manager.py:1065} INFO - Finding 'running' jobs without a recent heartbeat
[2025-04-13 18:50:28,707] {manager.py:1069} INFO - Failing jobs without heartbeat after 2025-04-13 18:45:28.707870+00:00
[2025-04-13 18:50:38,751] {manager.py:1065} INFO - Finding 'running' jobs without a recent heartbeat
[2025-04-13 18:50:38,752] {manager.py:1069} INFO - Failing jobs without heartbeat after 2025-04-13 18:45:38.752433+00:00
[2025-04-13 18:50:38,762] {manager.py:784} INFO - 
================================================================================
DAG File Processing Stats

File Path                                PID    Runtime      # DAGs    # Errors  Last Runtime    Last Run
---------------------------------------  -----  ---------  --------  ----------  --------------  -------------------
/opt/airflow/dags/dag_data_transform.py                           1           0  0.39s           2025-04-13T18:50:09
/opt/airflow/dags/dag_data_ingest.py                              2           0  0.33s           2025-04-13T18:50:09
================================================================================
[2025-04-13 18:50:49,088] {manager.py:1065} INFO - Finding 'running' jobs without a recent heartbeat
[2025-04-13 18:50:49,089] {manager.py:1069} INFO - Failing jobs without heartbeat after 2025-04-13 18:45:49.089499+00:00
[2025-04-13 18:50:59,135] {manager.py:1065} INFO - Finding 'running' jobs without a recent heartbeat
[2025-04-13 18:50:59,136] {manager.py:1069} INFO - Failing jobs without heartbeat after 2025-04-13 18:45:59.136269+00:00
[2025-04-13 18:51:09,211] {manager.py:1065} INFO - Finding 'running' jobs without a recent heartbeat
[2025-04-13 18:51:09,212] {manager.py:1069} INFO - Failing jobs without heartbeat after 2025-04-13 18:46:09.212021+00:00
[2025-04-13 18:51:09,226] {manager.py:784} INFO - 
================================================================================
DAG File Processing Stats

File Path                                PID    Runtime      # DAGs    # Errors  Last Runtime    Last Run
---------------------------------------  -----  ---------  --------  ----------  --------------  -------------------
/opt/airflow/dags/dag_data_transform.py                           1           0  0.33s           2025-04-13T18:50:40
/opt/airflow/dags/dag_data_ingest.py                              2           0  0.27s           2025-04-13T18:50:40
================================================================================
[2025-04-13 18:51:19,590] {manager.py:1065} INFO - Finding 'running' jobs without a recent heartbeat
[2025-04-13 18:51:19,591] {manager.py:1069} INFO - Failing jobs without heartbeat after 2025-04-13 18:46:19.591399+00:00
[2025-04-13 18:51:29,627] {manager.py:1065} INFO - Finding 'running' jobs without a recent heartbeat
[2025-04-13 18:51:29,628] {manager.py:1069} INFO - Failing jobs without heartbeat after 2025-04-13 18:46:29.628041+00:00
[2025-04-13 18:51:39,692] {manager.py:1065} INFO - Finding 'running' jobs without a recent heartbeat
[2025-04-13 18:51:39,693] {manager.py:1069} INFO - Failing jobs without heartbeat after 2025-04-13 18:46:39.693335+00:00
[2025-04-13 18:51:39,705] {manager.py:784} INFO - 
================================================================================
DAG File Processing Stats

File Path                                PID    Runtime      # DAGs    # Errors  Last Runtime    Last Run
---------------------------------------  -----  ---------  --------  ----------  --------------  -------------------
/opt/airflow/dags/dag_data_transform.py                           1           0  0.34s           2025-04-13T18:51:10
/opt/airflow/dags/dag_data_ingest.py                              2           0  0.28s           2025-04-13T18:51:10
================================================================================
[2025-04-13 18:51:50,066] {manager.py:1065} INFO - Finding 'running' jobs without a recent heartbeat
[2025-04-13 18:51:50,067] {manager.py:1069} INFO - Failing jobs without heartbeat after 2025-04-13 18:46:50.067917+00:00
[2025-04-13 18:52:00,128] {manager.py:1065} INFO - Finding 'running' jobs without a recent heartbeat
[2025-04-13 18:52:00,129] {manager.py:1069} INFO - Failing jobs without heartbeat after 2025-04-13 18:47:00.129208+00:00
