[2025-04-13 18:34:22,943] {processor.py:163} INFO - Started process (PID=167) to work on /opt/airflow/dags/dag_data_transform.py
[2025-04-13 18:34:22,944] {processor.py:642} INFO - Processing file /opt/airflow/dags/dag_data_transform.py for tasks to queue
[2025-04-13 18:34:22,945] {logging_mixin.py:109} INFO - [2025-04-13 18:34:22,945] {dagbag.py:500} INFO - Filling up the DagBag from /opt/airflow/dags/dag_data_transform.py
[2025-04-13 18:34:23,645] {processor.py:654} INFO - DAG(s) dict_keys(['transform_and_load']) retrieved from /opt/airflow/dags/dag_data_transform.py
[2025-04-13 18:34:23,975] {logging_mixin.py:109} INFO - [2025-04-13 18:34:23,974] {dag.py:2396} INFO - Sync 1 DAGs
[2025-04-13 18:34:24,005] {processor.py:171} INFO - Processing /opt/airflow/dags/dag_data_transform.py took 1.065 seconds
[2025-04-13 18:34:54,226] {processor.py:163} INFO - Started process (PID=208) to work on /opt/airflow/dags/dag_data_transform.py
[2025-04-13 18:34:54,227] {processor.py:642} INFO - Processing file /opt/airflow/dags/dag_data_transform.py for tasks to queue
[2025-04-13 18:34:54,228] {logging_mixin.py:109} INFO - [2025-04-13 18:34:54,228] {dagbag.py:500} INFO - Filling up the DagBag from /opt/airflow/dags/dag_data_transform.py
[2025-04-13 18:34:54,505] {processor.py:654} INFO - DAG(s) dict_keys(['transform_and_load']) retrieved from /opt/airflow/dags/dag_data_transform.py
[2025-04-13 18:34:54,513] {logging_mixin.py:109} INFO - [2025-04-13 18:34:54,512] {dag.py:2396} INFO - Sync 1 DAGs
[2025-04-13 18:34:54,537] {processor.py:171} INFO - Processing /opt/airflow/dags/dag_data_transform.py took 0.312 seconds
[2025-04-13 18:35:24,721] {processor.py:163} INFO - Started process (PID=238) to work on /opt/airflow/dags/dag_data_transform.py
[2025-04-13 18:35:24,724] {processor.py:642} INFO - Processing file /opt/airflow/dags/dag_data_transform.py for tasks to queue
[2025-04-13 18:35:24,726] {logging_mixin.py:109} INFO - [2025-04-13 18:35:24,725] {dagbag.py:500} INFO - Filling up the DagBag from /opt/airflow/dags/dag_data_transform.py
[2025-04-13 18:35:25,040] {processor.py:654} INFO - DAG(s) dict_keys(['transform_and_load']) retrieved from /opt/airflow/dags/dag_data_transform.py
[2025-04-13 18:35:25,047] {logging_mixin.py:109} INFO - [2025-04-13 18:35:25,046] {dag.py:2396} INFO - Sync 1 DAGs
[2025-04-13 18:35:25,067] {processor.py:171} INFO - Processing /opt/airflow/dags/dag_data_transform.py took 0.353 seconds
[2025-04-13 18:35:55,200] {processor.py:163} INFO - Started process (PID=278) to work on /opt/airflow/dags/dag_data_transform.py
[2025-04-13 18:35:55,201] {processor.py:642} INFO - Processing file /opt/airflow/dags/dag_data_transform.py for tasks to queue
[2025-04-13 18:35:55,202] {logging_mixin.py:109} INFO - [2025-04-13 18:35:55,202] {dagbag.py:500} INFO - Filling up the DagBag from /opt/airflow/dags/dag_data_transform.py
[2025-04-13 18:35:55,478] {processor.py:654} INFO - DAG(s) dict_keys(['transform_and_load']) retrieved from /opt/airflow/dags/dag_data_transform.py
[2025-04-13 18:35:55,486] {logging_mixin.py:109} INFO - [2025-04-13 18:35:55,485] {dag.py:2396} INFO - Sync 1 DAGs
[2025-04-13 18:35:55,506] {processor.py:171} INFO - Processing /opt/airflow/dags/dag_data_transform.py took 0.308 seconds
[2025-04-13 18:36:25,647] {processor.py:163} INFO - Started process (PID=318) to work on /opt/airflow/dags/dag_data_transform.py
[2025-04-13 18:36:25,647] {processor.py:642} INFO - Processing file /opt/airflow/dags/dag_data_transform.py for tasks to queue
[2025-04-13 18:36:25,648] {logging_mixin.py:109} INFO - [2025-04-13 18:36:25,648] {dagbag.py:500} INFO - Filling up the DagBag from /opt/airflow/dags/dag_data_transform.py
[2025-04-13 18:36:25,953] {processor.py:654} INFO - DAG(s) dict_keys(['transform_and_load']) retrieved from /opt/airflow/dags/dag_data_transform.py
[2025-04-13 18:36:25,960] {logging_mixin.py:109} INFO - [2025-04-13 18:36:25,959] {dag.py:2396} INFO - Sync 1 DAGs
[2025-04-13 18:36:25,980] {processor.py:171} INFO - Processing /opt/airflow/dags/dag_data_transform.py took 0.336 seconds
[2025-04-13 18:36:56,119] {processor.py:163} INFO - Started process (PID=348) to work on /opt/airflow/dags/dag_data_transform.py
[2025-04-13 18:36:56,121] {processor.py:642} INFO - Processing file /opt/airflow/dags/dag_data_transform.py for tasks to queue
[2025-04-13 18:36:56,122] {logging_mixin.py:109} INFO - [2025-04-13 18:36:56,122] {dagbag.py:500} INFO - Filling up the DagBag from /opt/airflow/dags/dag_data_transform.py
[2025-04-13 18:36:56,383] {processor.py:654} INFO - DAG(s) dict_keys(['transform_and_load']) retrieved from /opt/airflow/dags/dag_data_transform.py
[2025-04-13 18:36:56,390] {logging_mixin.py:109} INFO - [2025-04-13 18:36:56,390] {dag.py:2396} INFO - Sync 1 DAGs
[2025-04-13 18:36:56,411] {processor.py:171} INFO - Processing /opt/airflow/dags/dag_data_transform.py took 0.297 seconds
[2025-04-13 18:37:26,549] {processor.py:163} INFO - Started process (PID=389) to work on /opt/airflow/dags/dag_data_transform.py
[2025-04-13 18:37:26,550] {processor.py:642} INFO - Processing file /opt/airflow/dags/dag_data_transform.py for tasks to queue
[2025-04-13 18:37:26,551] {logging_mixin.py:109} INFO - [2025-04-13 18:37:26,550] {dagbag.py:500} INFO - Filling up the DagBag from /opt/airflow/dags/dag_data_transform.py
[2025-04-13 18:37:26,906] {processor.py:654} INFO - DAG(s) dict_keys(['transform_and_load']) retrieved from /opt/airflow/dags/dag_data_transform.py
[2025-04-13 18:37:26,915] {logging_mixin.py:109} INFO - [2025-04-13 18:37:26,914] {dag.py:2396} INFO - Sync 1 DAGs
[2025-04-13 18:37:26,935] {processor.py:171} INFO - Processing /opt/airflow/dags/dag_data_transform.py took 0.389 seconds
[2025-04-13 18:37:57,100] {processor.py:163} INFO - Started process (PID=418) to work on /opt/airflow/dags/dag_data_transform.py
[2025-04-13 18:37:57,101] {processor.py:642} INFO - Processing file /opt/airflow/dags/dag_data_transform.py for tasks to queue
[2025-04-13 18:37:57,102] {logging_mixin.py:109} INFO - [2025-04-13 18:37:57,101] {dagbag.py:500} INFO - Filling up the DagBag from /opt/airflow/dags/dag_data_transform.py
[2025-04-13 18:37:57,355] {processor.py:654} INFO - DAG(s) dict_keys(['transform_and_load']) retrieved from /opt/airflow/dags/dag_data_transform.py
[2025-04-13 18:37:57,362] {logging_mixin.py:109} INFO - [2025-04-13 18:37:57,361] {dag.py:2396} INFO - Sync 1 DAGs
[2025-04-13 18:37:57,381] {processor.py:171} INFO - Processing /opt/airflow/dags/dag_data_transform.py took 0.283 seconds
[2025-04-13 18:38:27,536] {processor.py:163} INFO - Started process (PID=458) to work on /opt/airflow/dags/dag_data_transform.py
[2025-04-13 18:38:27,537] {processor.py:642} INFO - Processing file /opt/airflow/dags/dag_data_transform.py for tasks to queue
[2025-04-13 18:38:27,538] {logging_mixin.py:109} INFO - [2025-04-13 18:38:27,538] {dagbag.py:500} INFO - Filling up the DagBag from /opt/airflow/dags/dag_data_transform.py
[2025-04-13 18:38:27,839] {processor.py:654} INFO - DAG(s) dict_keys(['transform_and_load']) retrieved from /opt/airflow/dags/dag_data_transform.py
[2025-04-13 18:38:27,848] {logging_mixin.py:109} INFO - [2025-04-13 18:38:27,847] {dag.py:2396} INFO - Sync 1 DAGs
[2025-04-13 18:38:27,869] {processor.py:171} INFO - Processing /opt/airflow/dags/dag_data_transform.py took 0.336 seconds
[2025-04-13 18:38:58,018] {processor.py:163} INFO - Started process (PID=498) to work on /opt/airflow/dags/dag_data_transform.py
[2025-04-13 18:38:58,020] {processor.py:642} INFO - Processing file /opt/airflow/dags/dag_data_transform.py for tasks to queue
[2025-04-13 18:38:58,021] {logging_mixin.py:109} INFO - [2025-04-13 18:38:58,020] {dagbag.py:500} INFO - Filling up the DagBag from /opt/airflow/dags/dag_data_transform.py
[2025-04-13 18:38:58,319] {processor.py:654} INFO - DAG(s) dict_keys(['transform_and_load']) retrieved from /opt/airflow/dags/dag_data_transform.py
[2025-04-13 18:38:58,327] {logging_mixin.py:109} INFO - [2025-04-13 18:38:58,326] {dag.py:2396} INFO - Sync 1 DAGs
[2025-04-13 18:38:58,346] {processor.py:171} INFO - Processing /opt/airflow/dags/dag_data_transform.py took 0.335 seconds
[2025-04-13 18:39:28,572] {processor.py:163} INFO - Started process (PID=539) to work on /opt/airflow/dags/dag_data_transform.py
[2025-04-13 18:39:28,573] {processor.py:642} INFO - Processing file /opt/airflow/dags/dag_data_transform.py for tasks to queue
[2025-04-13 18:39:28,574] {logging_mixin.py:109} INFO - [2025-04-13 18:39:28,574] {dagbag.py:500} INFO - Filling up the DagBag from /opt/airflow/dags/dag_data_transform.py
[2025-04-13 18:39:28,867] {processor.py:654} INFO - DAG(s) dict_keys(['transform_and_load']) retrieved from /opt/airflow/dags/dag_data_transform.py
[2025-04-13 18:39:28,880] {logging_mixin.py:109} INFO - [2025-04-13 18:39:28,879] {dag.py:2396} INFO - Sync 1 DAGs
[2025-04-13 18:39:28,900] {processor.py:171} INFO - Processing /opt/airflow/dags/dag_data_transform.py took 0.333 seconds
[2025-04-13 18:39:59,044] {processor.py:163} INFO - Started process (PID=568) to work on /opt/airflow/dags/dag_data_transform.py
[2025-04-13 18:39:59,045] {processor.py:642} INFO - Processing file /opt/airflow/dags/dag_data_transform.py for tasks to queue
[2025-04-13 18:39:59,046] {logging_mixin.py:109} INFO - [2025-04-13 18:39:59,046] {dagbag.py:500} INFO - Filling up the DagBag from /opt/airflow/dags/dag_data_transform.py
[2025-04-13 18:39:59,403] {processor.py:654} INFO - DAG(s) dict_keys(['transform_and_load']) retrieved from /opt/airflow/dags/dag_data_transform.py
[2025-04-13 18:39:59,415] {logging_mixin.py:109} INFO - [2025-04-13 18:39:59,415] {dag.py:2396} INFO - Sync 1 DAGs
[2025-04-13 18:39:59,446] {processor.py:171} INFO - Processing /opt/airflow/dags/dag_data_transform.py took 0.419 seconds
[2025-04-13 18:40:29,554] {processor.py:163} INFO - Started process (PID=608) to work on /opt/airflow/dags/dag_data_transform.py
[2025-04-13 18:40:29,555] {processor.py:642} INFO - Processing file /opt/airflow/dags/dag_data_transform.py for tasks to queue
[2025-04-13 18:40:29,556] {logging_mixin.py:109} INFO - [2025-04-13 18:40:29,556] {dagbag.py:500} INFO - Filling up the DagBag from /opt/airflow/dags/dag_data_transform.py
[2025-04-13 18:40:29,809] {processor.py:654} INFO - DAG(s) dict_keys(['transform_and_load']) retrieved from /opt/airflow/dags/dag_data_transform.py
[2025-04-13 18:40:29,817] {logging_mixin.py:109} INFO - [2025-04-13 18:40:29,816] {dag.py:2396} INFO - Sync 1 DAGs
[2025-04-13 18:40:29,838] {processor.py:171} INFO - Processing /opt/airflow/dags/dag_data_transform.py took 0.286 seconds
[2025-04-13 18:41:00,026] {processor.py:163} INFO - Started process (PID=639) to work on /opt/airflow/dags/dag_data_transform.py
[2025-04-13 18:41:00,028] {processor.py:642} INFO - Processing file /opt/airflow/dags/dag_data_transform.py for tasks to queue
[2025-04-13 18:41:00,028] {logging_mixin.py:109} INFO - [2025-04-13 18:41:00,028] {dagbag.py:500} INFO - Filling up the DagBag from /opt/airflow/dags/dag_data_transform.py
[2025-04-13 18:41:00,367] {processor.py:654} INFO - DAG(s) dict_keys(['transform_and_load']) retrieved from /opt/airflow/dags/dag_data_transform.py
[2025-04-13 18:41:00,375] {logging_mixin.py:109} INFO - [2025-04-13 18:41:00,374] {dag.py:2396} INFO - Sync 1 DAGs
[2025-04-13 18:41:00,397] {processor.py:171} INFO - Processing /opt/airflow/dags/dag_data_transform.py took 0.374 seconds
[2025-04-13 18:41:30,507] {processor.py:163} INFO - Started process (PID=678) to work on /opt/airflow/dags/dag_data_transform.py
[2025-04-13 18:41:30,508] {processor.py:642} INFO - Processing file /opt/airflow/dags/dag_data_transform.py for tasks to queue
[2025-04-13 18:41:30,509] {logging_mixin.py:109} INFO - [2025-04-13 18:41:30,509] {dagbag.py:500} INFO - Filling up the DagBag from /opt/airflow/dags/dag_data_transform.py
[2025-04-13 18:41:30,853] {processor.py:654} INFO - DAG(s) dict_keys(['transform_and_load']) retrieved from /opt/airflow/dags/dag_data_transform.py
[2025-04-13 18:41:30,865] {logging_mixin.py:109} INFO - [2025-04-13 18:41:30,864] {dag.py:2396} INFO - Sync 1 DAGs
[2025-04-13 18:41:30,891] {processor.py:171} INFO - Processing /opt/airflow/dags/dag_data_transform.py took 0.387 seconds
[2025-04-13 18:42:01,061] {processor.py:163} INFO - Started process (PID=719) to work on /opt/airflow/dags/dag_data_transform.py
[2025-04-13 18:42:01,062] {processor.py:642} INFO - Processing file /opt/airflow/dags/dag_data_transform.py for tasks to queue
[2025-04-13 18:42:01,063] {logging_mixin.py:109} INFO - [2025-04-13 18:42:01,063] {dagbag.py:500} INFO - Filling up the DagBag from /opt/airflow/dags/dag_data_transform.py
[2025-04-13 18:42:01,448] {processor.py:654} INFO - DAG(s) dict_keys(['transform_and_load']) retrieved from /opt/airflow/dags/dag_data_transform.py
[2025-04-13 18:42:01,459] {logging_mixin.py:109} INFO - [2025-04-13 18:42:01,458] {dag.py:2396} INFO - Sync 1 DAGs
[2025-04-13 18:42:01,486] {processor.py:171} INFO - Processing /opt/airflow/dags/dag_data_transform.py took 0.429 seconds
[2025-04-13 18:42:31,626] {processor.py:163} INFO - Started process (PID=748) to work on /opt/airflow/dags/dag_data_transform.py
[2025-04-13 18:42:31,627] {processor.py:642} INFO - Processing file /opt/airflow/dags/dag_data_transform.py for tasks to queue
[2025-04-13 18:42:31,627] {logging_mixin.py:109} INFO - [2025-04-13 18:42:31,627] {dagbag.py:500} INFO - Filling up the DagBag from /opt/airflow/dags/dag_data_transform.py
[2025-04-13 18:42:31,911] {processor.py:654} INFO - DAG(s) dict_keys(['transform_and_load']) retrieved from /opt/airflow/dags/dag_data_transform.py
[2025-04-13 18:42:31,920] {logging_mixin.py:109} INFO - [2025-04-13 18:42:31,919] {dag.py:2396} INFO - Sync 1 DAGs
[2025-04-13 18:42:31,939] {processor.py:171} INFO - Processing /opt/airflow/dags/dag_data_transform.py took 0.317 seconds
[2025-04-13 18:43:02,117] {processor.py:163} INFO - Started process (PID=789) to work on /opt/airflow/dags/dag_data_transform.py
[2025-04-13 18:43:02,118] {processor.py:642} INFO - Processing file /opt/airflow/dags/dag_data_transform.py for tasks to queue
[2025-04-13 18:43:02,119] {logging_mixin.py:109} INFO - [2025-04-13 18:43:02,119] {dagbag.py:500} INFO - Filling up the DagBag from /opt/airflow/dags/dag_data_transform.py
[2025-04-13 18:43:02,590] {processor.py:654} INFO - DAG(s) dict_keys(['transform_and_load']) retrieved from /opt/airflow/dags/dag_data_transform.py
[2025-04-13 18:43:02,598] {logging_mixin.py:109} INFO - [2025-04-13 18:43:02,597] {dag.py:2396} INFO - Sync 1 DAGs
[2025-04-13 18:43:02,619] {processor.py:171} INFO - Processing /opt/airflow/dags/dag_data_transform.py took 0.504 seconds
[2025-04-13 18:43:32,729] {processor.py:163} INFO - Started process (PID=819) to work on /opt/airflow/dags/dag_data_transform.py
[2025-04-13 18:43:32,730] {processor.py:642} INFO - Processing file /opt/airflow/dags/dag_data_transform.py for tasks to queue
[2025-04-13 18:43:32,731] {logging_mixin.py:109} INFO - [2025-04-13 18:43:32,731] {dagbag.py:500} INFO - Filling up the DagBag from /opt/airflow/dags/dag_data_transform.py
[2025-04-13 18:43:33,079] {processor.py:654} INFO - DAG(s) dict_keys(['transform_and_load']) retrieved from /opt/airflow/dags/dag_data_transform.py
[2025-04-13 18:43:33,088] {logging_mixin.py:109} INFO - [2025-04-13 18:43:33,088] {dag.py:2396} INFO - Sync 1 DAGs
[2025-04-13 18:43:33,119] {processor.py:171} INFO - Processing /opt/airflow/dags/dag_data_transform.py took 0.394 seconds
[2025-04-13 18:44:03,223] {processor.py:163} INFO - Started process (PID=865) to work on /opt/airflow/dags/dag_data_transform.py
[2025-04-13 18:44:03,224] {processor.py:642} INFO - Processing file /opt/airflow/dags/dag_data_transform.py for tasks to queue
[2025-04-13 18:44:03,225] {logging_mixin.py:109} INFO - [2025-04-13 18:44:03,225] {dagbag.py:500} INFO - Filling up the DagBag from /opt/airflow/dags/dag_data_transform.py
[2025-04-13 18:44:03,544] {processor.py:654} INFO - DAG(s) dict_keys(['transform_and_load']) retrieved from /opt/airflow/dags/dag_data_transform.py
[2025-04-13 18:44:03,552] {logging_mixin.py:109} INFO - [2025-04-13 18:44:03,551] {dag.py:2396} INFO - Sync 1 DAGs
[2025-04-13 18:44:03,563] {logging_mixin.py:109} INFO - [2025-04-13 18:44:03,563] {dag.py:2935} INFO - Setting next_dagrun for transform_and_load to 2025-04-13T00:00:00+00:00
[2025-04-13 18:44:03,572] {processor.py:171} INFO - Processing /opt/airflow/dags/dag_data_transform.py took 0.352 seconds
[2025-04-13 18:44:33,774] {processor.py:163} INFO - Started process (PID=895) to work on /opt/airflow/dags/dag_data_transform.py
[2025-04-13 18:44:33,775] {processor.py:642} INFO - Processing file /opt/airflow/dags/dag_data_transform.py for tasks to queue
[2025-04-13 18:44:33,776] {logging_mixin.py:109} INFO - [2025-04-13 18:44:33,776] {dagbag.py:500} INFO - Filling up the DagBag from /opt/airflow/dags/dag_data_transform.py
[2025-04-13 18:44:34,058] {processor.py:654} INFO - DAG(s) dict_keys(['transform_and_load']) retrieved from /opt/airflow/dags/dag_data_transform.py
[2025-04-13 18:44:34,067] {logging_mixin.py:109} INFO - [2025-04-13 18:44:34,066] {dag.py:2396} INFO - Sync 1 DAGs
[2025-04-13 18:44:34,078] {logging_mixin.py:109} INFO - [2025-04-13 18:44:34,078] {dag.py:2935} INFO - Setting next_dagrun for transform_and_load to 2025-04-13T00:00:00+00:00
[2025-04-13 18:44:34,089] {processor.py:171} INFO - Processing /opt/airflow/dags/dag_data_transform.py took 0.317 seconds
[2025-04-13 18:45:04,215] {processor.py:163} INFO - Started process (PID=935) to work on /opt/airflow/dags/dag_data_transform.py
[2025-04-13 18:45:04,216] {processor.py:642} INFO - Processing file /opt/airflow/dags/dag_data_transform.py for tasks to queue
[2025-04-13 18:45:04,217] {logging_mixin.py:109} INFO - [2025-04-13 18:45:04,217] {dagbag.py:500} INFO - Filling up the DagBag from /opt/airflow/dags/dag_data_transform.py
[2025-04-13 18:45:04,483] {processor.py:654} INFO - DAG(s) dict_keys(['transform_and_load']) retrieved from /opt/airflow/dags/dag_data_transform.py
[2025-04-13 18:45:04,492] {logging_mixin.py:109} INFO - [2025-04-13 18:45:04,491] {dag.py:2396} INFO - Sync 1 DAGs
[2025-04-13 18:45:04,502] {logging_mixin.py:109} INFO - [2025-04-13 18:45:04,502] {dag.py:2935} INFO - Setting next_dagrun for transform_and_load to 2025-04-13T00:00:00+00:00
[2025-04-13 18:45:04,514] {processor.py:171} INFO - Processing /opt/airflow/dags/dag_data_transform.py took 0.302 seconds
[2025-04-13 18:45:34,686] {processor.py:163} INFO - Started process (PID=974) to work on /opt/airflow/dags/dag_data_transform.py
[2025-04-13 18:45:34,687] {processor.py:642} INFO - Processing file /opt/airflow/dags/dag_data_transform.py for tasks to queue
[2025-04-13 18:45:34,687] {logging_mixin.py:109} INFO - [2025-04-13 18:45:34,687] {dagbag.py:500} INFO - Filling up the DagBag from /opt/airflow/dags/dag_data_transform.py
[2025-04-13 18:45:34,957] {processor.py:654} INFO - DAG(s) dict_keys(['transform_and_load']) retrieved from /opt/airflow/dags/dag_data_transform.py
[2025-04-13 18:45:34,965] {logging_mixin.py:109} INFO - [2025-04-13 18:45:34,964] {dag.py:2396} INFO - Sync 1 DAGs
[2025-04-13 18:45:34,975] {logging_mixin.py:109} INFO - [2025-04-13 18:45:34,975] {dag.py:2935} INFO - Setting next_dagrun for transform_and_load to 2025-04-13T00:00:00+00:00
[2025-04-13 18:45:34,986] {processor.py:171} INFO - Processing /opt/airflow/dags/dag_data_transform.py took 0.302 seconds
[2025-04-13 18:46:05,151] {processor.py:163} INFO - Started process (PID=1006) to work on /opt/airflow/dags/dag_data_transform.py
[2025-04-13 18:46:05,151] {processor.py:642} INFO - Processing file /opt/airflow/dags/dag_data_transform.py for tasks to queue
[2025-04-13 18:46:05,152] {logging_mixin.py:109} INFO - [2025-04-13 18:46:05,152] {dagbag.py:500} INFO - Filling up the DagBag from /opt/airflow/dags/dag_data_transform.py
[2025-04-13 18:46:05,550] {processor.py:654} INFO - DAG(s) dict_keys(['transform_and_load']) retrieved from /opt/airflow/dags/dag_data_transform.py
[2025-04-13 18:46:05,561] {logging_mixin.py:109} INFO - [2025-04-13 18:46:05,560] {dag.py:2396} INFO - Sync 1 DAGs
[2025-04-13 18:46:05,576] {logging_mixin.py:109} INFO - [2025-04-13 18:46:05,576] {dag.py:2935} INFO - Setting next_dagrun for transform_and_load to 2025-04-13T00:00:00+00:00
[2025-04-13 18:46:05,586] {processor.py:171} INFO - Processing /opt/airflow/dags/dag_data_transform.py took 0.437 seconds
[2025-04-13 18:46:35,729] {processor.py:163} INFO - Started process (PID=1045) to work on /opt/airflow/dags/dag_data_transform.py
[2025-04-13 18:46:35,730] {processor.py:642} INFO - Processing file /opt/airflow/dags/dag_data_transform.py for tasks to queue
[2025-04-13 18:46:35,731] {logging_mixin.py:109} INFO - [2025-04-13 18:46:35,731] {dagbag.py:500} INFO - Filling up the DagBag from /opt/airflow/dags/dag_data_transform.py
[2025-04-13 18:46:36,011] {processor.py:654} INFO - DAG(s) dict_keys(['transform_and_load']) retrieved from /opt/airflow/dags/dag_data_transform.py
[2025-04-13 18:46:36,018] {logging_mixin.py:109} INFO - [2025-04-13 18:46:36,018] {dag.py:2396} INFO - Sync 1 DAGs
[2025-04-13 18:46:36,028] {logging_mixin.py:109} INFO - [2025-04-13 18:46:36,028] {dag.py:2935} INFO - Setting next_dagrun for transform_and_load to 2025-04-13T00:00:00+00:00
[2025-04-13 18:46:36,039] {processor.py:171} INFO - Processing /opt/airflow/dags/dag_data_transform.py took 0.312 seconds
[2025-04-13 18:47:06,238] {processor.py:163} INFO - Started process (PID=1075) to work on /opt/airflow/dags/dag_data_transform.py
[2025-04-13 18:47:06,240] {processor.py:642} INFO - Processing file /opt/airflow/dags/dag_data_transform.py for tasks to queue
[2025-04-13 18:47:06,241] {logging_mixin.py:109} INFO - [2025-04-13 18:47:06,241] {dagbag.py:500} INFO - Filling up the DagBag from /opt/airflow/dags/dag_data_transform.py
[2025-04-13 18:47:06,536] {processor.py:654} INFO - DAG(s) dict_keys(['transform_and_load']) retrieved from /opt/airflow/dags/dag_data_transform.py
[2025-04-13 18:47:06,544] {logging_mixin.py:109} INFO - [2025-04-13 18:47:06,543] {dag.py:2396} INFO - Sync 1 DAGs
[2025-04-13 18:47:06,555] {logging_mixin.py:109} INFO - [2025-04-13 18:47:06,555] {dag.py:2935} INFO - Setting next_dagrun for transform_and_load to 2025-04-13T00:00:00+00:00
[2025-04-13 18:47:06,565] {processor.py:171} INFO - Processing /opt/airflow/dags/dag_data_transform.py took 0.331 seconds
[2025-04-13 18:47:36,740] {processor.py:163} INFO - Started process (PID=1115) to work on /opt/airflow/dags/dag_data_transform.py
[2025-04-13 18:47:36,741] {processor.py:642} INFO - Processing file /opt/airflow/dags/dag_data_transform.py for tasks to queue
[2025-04-13 18:47:36,742] {logging_mixin.py:109} INFO - [2025-04-13 18:47:36,742] {dagbag.py:500} INFO - Filling up the DagBag from /opt/airflow/dags/dag_data_transform.py
[2025-04-13 18:47:37,005] {processor.py:654} INFO - DAG(s) dict_keys(['transform_and_load']) retrieved from /opt/airflow/dags/dag_data_transform.py
[2025-04-13 18:47:37,013] {logging_mixin.py:109} INFO - [2025-04-13 18:47:37,012] {dag.py:2396} INFO - Sync 1 DAGs
[2025-04-13 18:47:37,023] {logging_mixin.py:109} INFO - [2025-04-13 18:47:37,023] {dag.py:2935} INFO - Setting next_dagrun for transform_and_load to 2025-04-13T00:00:00+00:00
[2025-04-13 18:47:37,034] {processor.py:171} INFO - Processing /opt/airflow/dags/dag_data_transform.py took 0.298 seconds
[2025-04-13 18:48:07,183] {processor.py:163} INFO - Started process (PID=1146) to work on /opt/airflow/dags/dag_data_transform.py
[2025-04-13 18:48:07,184] {processor.py:642} INFO - Processing file /opt/airflow/dags/dag_data_transform.py for tasks to queue
[2025-04-13 18:48:07,185] {logging_mixin.py:109} INFO - [2025-04-13 18:48:07,185] {dagbag.py:500} INFO - Filling up the DagBag from /opt/airflow/dags/dag_data_transform.py
[2025-04-13 18:48:07,608] {processor.py:654} INFO - DAG(s) dict_keys(['transform_and_load']) retrieved from /opt/airflow/dags/dag_data_transform.py
[2025-04-13 18:48:07,616] {logging_mixin.py:109} INFO - [2025-04-13 18:48:07,615] {dag.py:2396} INFO - Sync 1 DAGs
[2025-04-13 18:48:07,627] {logging_mixin.py:109} INFO - [2025-04-13 18:48:07,627] {dag.py:2935} INFO - Setting next_dagrun for transform_and_load to 2025-04-13T00:00:00+00:00
[2025-04-13 18:48:07,635] {processor.py:171} INFO - Processing /opt/airflow/dags/dag_data_transform.py took 0.455 seconds
[2025-04-13 18:48:37,814] {processor.py:163} INFO - Started process (PID=1186) to work on /opt/airflow/dags/dag_data_transform.py
[2025-04-13 18:48:37,815] {processor.py:642} INFO - Processing file /opt/airflow/dags/dag_data_transform.py for tasks to queue
[2025-04-13 18:48:37,815] {logging_mixin.py:109} INFO - [2025-04-13 18:48:37,815] {dagbag.py:500} INFO - Filling up the DagBag from /opt/airflow/dags/dag_data_transform.py
[2025-04-13 18:48:38,105] {processor.py:654} INFO - DAG(s) dict_keys(['transform_and_load']) retrieved from /opt/airflow/dags/dag_data_transform.py
[2025-04-13 18:48:38,112] {logging_mixin.py:109} INFO - [2025-04-13 18:48:38,112] {dag.py:2396} INFO - Sync 1 DAGs
[2025-04-13 18:48:38,122] {logging_mixin.py:109} INFO - [2025-04-13 18:48:38,122] {dag.py:2935} INFO - Setting next_dagrun for transform_and_load to 2025-04-13T00:00:00+00:00
[2025-04-13 18:48:38,132] {processor.py:171} INFO - Processing /opt/airflow/dags/dag_data_transform.py took 0.320 seconds
[2025-04-13 18:49:08,284] {processor.py:163} INFO - Started process (PID=1223) to work on /opt/airflow/dags/dag_data_transform.py
[2025-04-13 18:49:08,285] {processor.py:642} INFO - Processing file /opt/airflow/dags/dag_data_transform.py for tasks to queue
[2025-04-13 18:49:08,285] {logging_mixin.py:109} INFO - [2025-04-13 18:49:08,285] {dagbag.py:500} INFO - Filling up the DagBag from /opt/airflow/dags/dag_data_transform.py
[2025-04-13 18:49:08,581] {processor.py:654} INFO - DAG(s) dict_keys(['transform_and_load']) retrieved from /opt/airflow/dags/dag_data_transform.py
[2025-04-13 18:49:08,590] {logging_mixin.py:109} INFO - [2025-04-13 18:49:08,589] {dag.py:2396} INFO - Sync 1 DAGs
[2025-04-13 18:49:08,602] {logging_mixin.py:109} INFO - [2025-04-13 18:49:08,602] {dag.py:2935} INFO - Setting next_dagrun for transform_and_load to 2025-04-13T00:00:00+00:00
[2025-04-13 18:49:08,612] {processor.py:171} INFO - Processing /opt/airflow/dags/dag_data_transform.py took 0.331 seconds
[2025-04-13 18:49:38,827] {processor.py:163} INFO - Started process (PID=1256) to work on /opt/airflow/dags/dag_data_transform.py
[2025-04-13 18:49:38,829] {processor.py:642} INFO - Processing file /opt/airflow/dags/dag_data_transform.py for tasks to queue
[2025-04-13 18:49:38,830] {logging_mixin.py:109} INFO - [2025-04-13 18:49:38,830] {dagbag.py:500} INFO - Filling up the DagBag from /opt/airflow/dags/dag_data_transform.py
[2025-04-13 18:49:39,099] {processor.py:654} INFO - DAG(s) dict_keys(['transform_and_load']) retrieved from /opt/airflow/dags/dag_data_transform.py
[2025-04-13 18:49:39,106] {logging_mixin.py:109} INFO - [2025-04-13 18:49:39,106] {dag.py:2396} INFO - Sync 1 DAGs
[2025-04-13 18:49:39,117] {logging_mixin.py:109} INFO - [2025-04-13 18:49:39,117] {dag.py:2935} INFO - Setting next_dagrun for transform_and_load to 2025-04-13T00:00:00+00:00
[2025-04-13 18:49:39,127] {processor.py:171} INFO - Processing /opt/airflow/dags/dag_data_transform.py took 0.304 seconds
[2025-04-13 18:50:09,288] {processor.py:163} INFO - Started process (PID=1296) to work on /opt/airflow/dags/dag_data_transform.py
[2025-04-13 18:50:09,290] {processor.py:642} INFO - Processing file /opt/airflow/dags/dag_data_transform.py for tasks to queue
[2025-04-13 18:50:09,293] {logging_mixin.py:109} INFO - [2025-04-13 18:50:09,293] {dagbag.py:500} INFO - Filling up the DagBag from /opt/airflow/dags/dag_data_transform.py
[2025-04-13 18:50:09,622] {processor.py:654} INFO - DAG(s) dict_keys(['transform_and_load']) retrieved from /opt/airflow/dags/dag_data_transform.py
[2025-04-13 18:50:09,637] {logging_mixin.py:109} INFO - [2025-04-13 18:50:09,636] {dag.py:2396} INFO - Sync 1 DAGs
[2025-04-13 18:50:09,648] {logging_mixin.py:109} INFO - [2025-04-13 18:50:09,648] {dag.py:2935} INFO - Setting next_dagrun for transform_and_load to 2025-04-13T00:00:00+00:00
[2025-04-13 18:50:09,658] {processor.py:171} INFO - Processing /opt/airflow/dags/dag_data_transform.py took 0.374 seconds
