[2025-04-13 18:34:22,942] {processor.py:163} INFO - Started process (PID=165) to work on /opt/airflow/dags/dag_data_ingest.py
[2025-04-13 18:34:22,943] {processor.py:642} INFO - Processing file /opt/airflow/dags/dag_data_ingest.py for tasks to queue
[2025-04-13 18:34:22,944] {logging_mixin.py:109} INFO - [2025-04-13 18:34:22,944] {dagbag.py:500} INFO - Filling up the DagBag from /opt/airflow/dags/dag_data_ingest.py
[2025-04-13 18:34:23,474] {processor.py:654} INFO - DAG(s) dict_keys(['country_code_data', 'power_plant_data']) retrieved from /opt/airflow/dags/dag_data_ingest.py
[2025-04-13 18:34:23,980] {logging_mixin.py:109} INFO - [2025-04-13 18:34:23,979] {dag.py:2396} INFO - Sync 2 DAGs
[2025-04-13 18:34:23,998] {logging_mixin.py:109} INFO - [2025-04-13 18:34:23,997] {dag.py:2935} INFO - Setting next_dagrun for country_code_data to 2025-04-13T00:00:00+00:00
[2025-04-13 18:34:23,999] {logging_mixin.py:109} INFO - [2025-04-13 18:34:23,999] {dag.py:2935} INFO - Setting next_dagrun for power_plant_data to 2025-04-13T00:00:00+00:00
[2025-04-13 18:34:24,015] {processor.py:171} INFO - Processing /opt/airflow/dags/dag_data_ingest.py took 1.076 seconds
[2025-04-13 18:34:54,226] {processor.py:163} INFO - Started process (PID=206) to work on /opt/airflow/dags/dag_data_ingest.py
[2025-04-13 18:34:54,227] {processor.py:642} INFO - Processing file /opt/airflow/dags/dag_data_ingest.py for tasks to queue
[2025-04-13 18:34:54,228] {logging_mixin.py:109} INFO - [2025-04-13 18:34:54,228] {dagbag.py:500} INFO - Filling up the DagBag from /opt/airflow/dags/dag_data_ingest.py
[2025-04-13 18:34:54,435] {processor.py:654} INFO - DAG(s) dict_keys(['country_code_data', 'power_plant_data']) retrieved from /opt/airflow/dags/dag_data_ingest.py
[2025-04-13 18:34:54,446] {logging_mixin.py:109} INFO - [2025-04-13 18:34:54,445] {dag.py:2396} INFO - Sync 2 DAGs
[2025-04-13 18:34:54,458] {logging_mixin.py:109} INFO - [2025-04-13 18:34:54,457] {dag.py:2935} INFO - Setting next_dagrun for country_code_data to 2025-04-13T00:00:00+00:00
[2025-04-13 18:34:54,459] {logging_mixin.py:109} INFO - [2025-04-13 18:34:54,459] {dag.py:2935} INFO - Setting next_dagrun for power_plant_data to 2025-04-13T00:00:00+00:00
[2025-04-13 18:34:54,468] {processor.py:171} INFO - Processing /opt/airflow/dags/dag_data_ingest.py took 0.243 seconds
[2025-04-13 18:35:24,722] {processor.py:163} INFO - Started process (PID=236) to work on /opt/airflow/dags/dag_data_ingest.py
[2025-04-13 18:35:24,725] {processor.py:642} INFO - Processing file /opt/airflow/dags/dag_data_ingest.py for tasks to queue
[2025-04-13 18:35:24,726] {logging_mixin.py:109} INFO - [2025-04-13 18:35:24,726] {dagbag.py:500} INFO - Filling up the DagBag from /opt/airflow/dags/dag_data_ingest.py
[2025-04-13 18:35:24,966] {processor.py:654} INFO - DAG(s) dict_keys(['country_code_data', 'power_plant_data']) retrieved from /opt/airflow/dags/dag_data_ingest.py
[2025-04-13 18:35:24,977] {logging_mixin.py:109} INFO - [2025-04-13 18:35:24,976] {dag.py:2396} INFO - Sync 2 DAGs
[2025-04-13 18:35:24,988] {logging_mixin.py:109} INFO - [2025-04-13 18:35:24,988] {dag.py:2935} INFO - Setting next_dagrun for country_code_data to 2025-04-13T00:00:00+00:00
[2025-04-13 18:35:24,989] {logging_mixin.py:109} INFO - [2025-04-13 18:35:24,989] {dag.py:2935} INFO - Setting next_dagrun for power_plant_data to 2025-04-13T00:00:00+00:00
[2025-04-13 18:35:25,000] {processor.py:171} INFO - Processing /opt/airflow/dags/dag_data_ingest.py took 0.287 seconds
[2025-04-13 18:35:55,200] {processor.py:163} INFO - Started process (PID=276) to work on /opt/airflow/dags/dag_data_ingest.py
[2025-04-13 18:35:55,201] {processor.py:642} INFO - Processing file /opt/airflow/dags/dag_data_ingest.py for tasks to queue
[2025-04-13 18:35:55,202] {logging_mixin.py:109} INFO - [2025-04-13 18:35:55,202] {dagbag.py:500} INFO - Filling up the DagBag from /opt/airflow/dags/dag_data_ingest.py
[2025-04-13 18:35:55,404] {processor.py:654} INFO - DAG(s) dict_keys(['country_code_data', 'power_plant_data']) retrieved from /opt/airflow/dags/dag_data_ingest.py
[2025-04-13 18:35:55,415] {logging_mixin.py:109} INFO - [2025-04-13 18:35:55,414] {dag.py:2396} INFO - Sync 2 DAGs
[2025-04-13 18:35:55,427] {logging_mixin.py:109} INFO - [2025-04-13 18:35:55,427] {dag.py:2935} INFO - Setting next_dagrun for country_code_data to 2025-04-13T00:00:00+00:00
[2025-04-13 18:35:55,428] {logging_mixin.py:109} INFO - [2025-04-13 18:35:55,428] {dag.py:2935} INFO - Setting next_dagrun for power_plant_data to 2025-04-13T00:00:00+00:00
[2025-04-13 18:35:55,442] {processor.py:171} INFO - Processing /opt/airflow/dags/dag_data_ingest.py took 0.244 seconds
[2025-04-13 18:36:25,646] {processor.py:163} INFO - Started process (PID=316) to work on /opt/airflow/dags/dag_data_ingest.py
[2025-04-13 18:36:25,647] {processor.py:642} INFO - Processing file /opt/airflow/dags/dag_data_ingest.py for tasks to queue
[2025-04-13 18:36:25,648] {logging_mixin.py:109} INFO - [2025-04-13 18:36:25,648] {dagbag.py:500} INFO - Filling up the DagBag from /opt/airflow/dags/dag_data_ingest.py
[2025-04-13 18:36:25,873] {processor.py:654} INFO - DAG(s) dict_keys(['country_code_data', 'power_plant_data']) retrieved from /opt/airflow/dags/dag_data_ingest.py
[2025-04-13 18:36:25,883] {logging_mixin.py:109} INFO - [2025-04-13 18:36:25,883] {dag.py:2396} INFO - Sync 2 DAGs
[2025-04-13 18:36:25,895] {logging_mixin.py:109} INFO - [2025-04-13 18:36:25,895] {dag.py:2935} INFO - Setting next_dagrun for country_code_data to 2025-04-13T00:00:00+00:00
[2025-04-13 18:36:25,897] {logging_mixin.py:109} INFO - [2025-04-13 18:36:25,896] {dag.py:2935} INFO - Setting next_dagrun for power_plant_data to 2025-04-13T00:00:00+00:00
[2025-04-13 18:36:25,912] {processor.py:171} INFO - Processing /opt/airflow/dags/dag_data_ingest.py took 0.267 seconds
[2025-04-13 18:36:56,118] {processor.py:163} INFO - Started process (PID=346) to work on /opt/airflow/dags/dag_data_ingest.py
[2025-04-13 18:36:56,119] {processor.py:642} INFO - Processing file /opt/airflow/dags/dag_data_ingest.py for tasks to queue
[2025-04-13 18:36:56,121] {logging_mixin.py:109} INFO - [2025-04-13 18:36:56,120] {dagbag.py:500} INFO - Filling up the DagBag from /opt/airflow/dags/dag_data_ingest.py
[2025-04-13 18:36:56,315] {processor.py:654} INFO - DAG(s) dict_keys(['country_code_data', 'power_plant_data']) retrieved from /opt/airflow/dags/dag_data_ingest.py
[2025-04-13 18:36:56,326] {logging_mixin.py:109} INFO - [2025-04-13 18:36:56,325] {dag.py:2396} INFO - Sync 2 DAGs
[2025-04-13 18:36:56,337] {logging_mixin.py:109} INFO - [2025-04-13 18:36:56,337] {dag.py:2935} INFO - Setting next_dagrun for country_code_data to 2025-04-13T00:00:00+00:00
[2025-04-13 18:36:56,339] {logging_mixin.py:109} INFO - [2025-04-13 18:36:56,338] {dag.py:2935} INFO - Setting next_dagrun for power_plant_data to 2025-04-13T00:00:00+00:00
[2025-04-13 18:36:56,353] {processor.py:171} INFO - Processing /opt/airflow/dags/dag_data_ingest.py took 0.239 seconds
[2025-04-13 18:37:26,549] {processor.py:163} INFO - Started process (PID=386) to work on /opt/airflow/dags/dag_data_ingest.py
[2025-04-13 18:37:26,550] {processor.py:642} INFO - Processing file /opt/airflow/dags/dag_data_ingest.py for tasks to queue
[2025-04-13 18:37:26,551] {logging_mixin.py:109} INFO - [2025-04-13 18:37:26,550] {dagbag.py:500} INFO - Filling up the DagBag from /opt/airflow/dags/dag_data_ingest.py
[2025-04-13 18:37:26,832] {processor.py:654} INFO - DAG(s) dict_keys(['country_code_data', 'power_plant_data']) retrieved from /opt/airflow/dags/dag_data_ingest.py
[2025-04-13 18:37:26,848] {logging_mixin.py:109} INFO - [2025-04-13 18:37:26,847] {dag.py:2396} INFO - Sync 2 DAGs
[2025-04-13 18:37:26,865] {logging_mixin.py:109} INFO - [2025-04-13 18:37:26,865] {dag.py:2935} INFO - Setting next_dagrun for country_code_data to 2025-04-13T00:00:00+00:00
[2025-04-13 18:37:26,866] {logging_mixin.py:109} INFO - [2025-04-13 18:37:26,866] {dag.py:2935} INFO - Setting next_dagrun for power_plant_data to 2025-04-13T00:00:00+00:00
[2025-04-13 18:37:26,878] {processor.py:171} INFO - Processing /opt/airflow/dags/dag_data_ingest.py took 0.332 seconds
[2025-04-13 18:37:57,100] {processor.py:163} INFO - Started process (PID=416) to work on /opt/airflow/dags/dag_data_ingest.py
[2025-04-13 18:37:57,101] {processor.py:642} INFO - Processing file /opt/airflow/dags/dag_data_ingest.py for tasks to queue
[2025-04-13 18:37:57,101] {logging_mixin.py:109} INFO - [2025-04-13 18:37:57,101] {dagbag.py:500} INFO - Filling up the DagBag from /opt/airflow/dags/dag_data_ingest.py
[2025-04-13 18:37:57,287] {processor.py:654} INFO - DAG(s) dict_keys(['country_code_data', 'power_plant_data']) retrieved from /opt/airflow/dags/dag_data_ingest.py
[2025-04-13 18:37:57,297] {logging_mixin.py:109} INFO - [2025-04-13 18:37:57,296] {dag.py:2396} INFO - Sync 2 DAGs
[2025-04-13 18:37:57,309] {logging_mixin.py:109} INFO - [2025-04-13 18:37:57,309] {dag.py:2935} INFO - Setting next_dagrun for country_code_data to 2025-04-13T00:00:00+00:00
[2025-04-13 18:37:57,310] {logging_mixin.py:109} INFO - [2025-04-13 18:37:57,310] {dag.py:2935} INFO - Setting next_dagrun for power_plant_data to 2025-04-13T00:00:00+00:00
[2025-04-13 18:37:57,324] {processor.py:171} INFO - Processing /opt/airflow/dags/dag_data_ingest.py took 0.226 seconds
[2025-04-13 18:38:27,536] {processor.py:163} INFO - Started process (PID=456) to work on /opt/airflow/dags/dag_data_ingest.py
[2025-04-13 18:38:27,537] {processor.py:642} INFO - Processing file /opt/airflow/dags/dag_data_ingest.py for tasks to queue
[2025-04-13 18:38:27,538] {logging_mixin.py:109} INFO - [2025-04-13 18:38:27,538] {dagbag.py:500} INFO - Filling up the DagBag from /opt/airflow/dags/dag_data_ingest.py
[2025-04-13 18:38:27,759] {processor.py:654} INFO - DAG(s) dict_keys(['country_code_data', 'power_plant_data']) retrieved from /opt/airflow/dags/dag_data_ingest.py
[2025-04-13 18:38:27,770] {logging_mixin.py:109} INFO - [2025-04-13 18:38:27,769] {dag.py:2396} INFO - Sync 2 DAGs
[2025-04-13 18:38:27,783] {logging_mixin.py:109} INFO - [2025-04-13 18:38:27,783] {dag.py:2935} INFO - Setting next_dagrun for country_code_data to 2025-04-13T00:00:00+00:00
[2025-04-13 18:38:27,785] {logging_mixin.py:109} INFO - [2025-04-13 18:38:27,785] {dag.py:2935} INFO - Setting next_dagrun for power_plant_data to 2025-04-13T00:00:00+00:00
[2025-04-13 18:38:27,799] {processor.py:171} INFO - Processing /opt/airflow/dags/dag_data_ingest.py took 0.266 seconds
[2025-04-13 18:38:58,013] {processor.py:163} INFO - Started process (PID=496) to work on /opt/airflow/dags/dag_data_ingest.py
[2025-04-13 18:38:58,015] {processor.py:642} INFO - Processing file /opt/airflow/dags/dag_data_ingest.py for tasks to queue
[2025-04-13 18:38:58,016] {logging_mixin.py:109} INFO - [2025-04-13 18:38:58,016] {dagbag.py:500} INFO - Filling up the DagBag from /opt/airflow/dags/dag_data_ingest.py
[2025-04-13 18:38:58,252] {processor.py:654} INFO - DAG(s) dict_keys(['country_code_data', 'power_plant_data']) retrieved from /opt/airflow/dags/dag_data_ingest.py
[2025-04-13 18:38:58,263] {logging_mixin.py:109} INFO - [2025-04-13 18:38:58,262] {dag.py:2396} INFO - Sync 2 DAGs
[2025-04-13 18:38:58,274] {logging_mixin.py:109} INFO - [2025-04-13 18:38:58,274] {dag.py:2935} INFO - Setting next_dagrun for country_code_data to 2025-04-13T00:00:00+00:00
[2025-04-13 18:38:58,276] {logging_mixin.py:109} INFO - [2025-04-13 18:38:58,276] {dag.py:2935} INFO - Setting next_dagrun for power_plant_data to 2025-04-13T00:00:00+00:00
[2025-04-13 18:38:58,291] {processor.py:171} INFO - Processing /opt/airflow/dags/dag_data_ingest.py took 0.282 seconds
[2025-04-13 18:39:28,572] {processor.py:163} INFO - Started process (PID=536) to work on /opt/airflow/dags/dag_data_ingest.py
[2025-04-13 18:39:28,573] {processor.py:642} INFO - Processing file /opt/airflow/dags/dag_data_ingest.py for tasks to queue
[2025-04-13 18:39:28,574] {logging_mixin.py:109} INFO - [2025-04-13 18:39:28,574] {dagbag.py:500} INFO - Filling up the DagBag from /opt/airflow/dags/dag_data_ingest.py
[2025-04-13 18:39:28,798] {processor.py:654} INFO - DAG(s) dict_keys(['country_code_data', 'power_plant_data']) retrieved from /opt/airflow/dags/dag_data_ingest.py
[2025-04-13 18:39:28,809] {logging_mixin.py:109} INFO - [2025-04-13 18:39:28,808] {dag.py:2396} INFO - Sync 2 DAGs
[2025-04-13 18:39:28,821] {logging_mixin.py:109} INFO - [2025-04-13 18:39:28,821] {dag.py:2935} INFO - Setting next_dagrun for country_code_data to 2025-04-13T00:00:00+00:00
[2025-04-13 18:39:28,822] {logging_mixin.py:109} INFO - [2025-04-13 18:39:28,822] {dag.py:2935} INFO - Setting next_dagrun for power_plant_data to 2025-04-13T00:00:00+00:00
[2025-04-13 18:39:28,837] {processor.py:171} INFO - Processing /opt/airflow/dags/dag_data_ingest.py took 0.270 seconds
[2025-04-13 18:39:59,045] {processor.py:163} INFO - Started process (PID=566) to work on /opt/airflow/dags/dag_data_ingest.py
[2025-04-13 18:39:59,046] {processor.py:642} INFO - Processing file /opt/airflow/dags/dag_data_ingest.py for tasks to queue
[2025-04-13 18:39:59,046] {logging_mixin.py:109} INFO - [2025-04-13 18:39:59,046] {dagbag.py:500} INFO - Filling up the DagBag from /opt/airflow/dags/dag_data_ingest.py
[2025-04-13 18:39:59,291] {processor.py:654} INFO - DAG(s) dict_keys(['country_code_data', 'power_plant_data']) retrieved from /opt/airflow/dags/dag_data_ingest.py
[2025-04-13 18:39:59,306] {logging_mixin.py:109} INFO - [2025-04-13 18:39:59,305] {dag.py:2396} INFO - Sync 2 DAGs
[2025-04-13 18:39:59,322] {logging_mixin.py:109} INFO - [2025-04-13 18:39:59,322] {dag.py:2935} INFO - Setting next_dagrun for country_code_data to 2025-04-13T00:00:00+00:00
[2025-04-13 18:39:59,324] {logging_mixin.py:109} INFO - [2025-04-13 18:39:59,324] {dag.py:2935} INFO - Setting next_dagrun for power_plant_data to 2025-04-13T00:00:00+00:00
[2025-04-13 18:39:59,336] {processor.py:171} INFO - Processing /opt/airflow/dags/dag_data_ingest.py took 0.308 seconds
[2025-04-13 18:40:29,553] {processor.py:163} INFO - Started process (PID=606) to work on /opt/airflow/dags/dag_data_ingest.py
[2025-04-13 18:40:29,554] {processor.py:642} INFO - Processing file /opt/airflow/dags/dag_data_ingest.py for tasks to queue
[2025-04-13 18:40:29,555] {logging_mixin.py:109} INFO - [2025-04-13 18:40:29,555] {dagbag.py:500} INFO - Filling up the DagBag from /opt/airflow/dags/dag_data_ingest.py
[2025-04-13 18:40:29,743] {processor.py:654} INFO - DAG(s) dict_keys(['country_code_data', 'power_plant_data']) retrieved from /opt/airflow/dags/dag_data_ingest.py
[2025-04-13 18:40:29,754] {logging_mixin.py:109} INFO - [2025-04-13 18:40:29,753] {dag.py:2396} INFO - Sync 2 DAGs
[2025-04-13 18:40:29,765] {logging_mixin.py:109} INFO - [2025-04-13 18:40:29,765] {dag.py:2935} INFO - Setting next_dagrun for country_code_data to 2025-04-13T00:00:00+00:00
[2025-04-13 18:40:29,766] {logging_mixin.py:109} INFO - [2025-04-13 18:40:29,766] {dag.py:2935} INFO - Setting next_dagrun for power_plant_data to 2025-04-13T00:00:00+00:00
[2025-04-13 18:40:29,776] {processor.py:171} INFO - Processing /opt/airflow/dags/dag_data_ingest.py took 0.225 seconds
[2025-04-13 18:41:00,024] {processor.py:163} INFO - Started process (PID=636) to work on /opt/airflow/dags/dag_data_ingest.py
[2025-04-13 18:41:00,025] {processor.py:642} INFO - Processing file /opt/airflow/dags/dag_data_ingest.py for tasks to queue
[2025-04-13 18:41:00,026] {logging_mixin.py:109} INFO - [2025-04-13 18:41:00,026] {dagbag.py:500} INFO - Filling up the DagBag from /opt/airflow/dags/dag_data_ingest.py
[2025-04-13 18:41:00,269] {processor.py:654} INFO - DAG(s) dict_keys(['country_code_data', 'power_plant_data']) retrieved from /opt/airflow/dags/dag_data_ingest.py
[2025-04-13 18:41:00,280] {logging_mixin.py:109} INFO - [2025-04-13 18:41:00,279] {dag.py:2396} INFO - Sync 2 DAGs
[2025-04-13 18:41:00,295] {logging_mixin.py:109} INFO - [2025-04-13 18:41:00,295] {dag.py:2935} INFO - Setting next_dagrun for country_code_data to 2025-04-13T00:00:00+00:00
[2025-04-13 18:41:00,297] {logging_mixin.py:109} INFO - [2025-04-13 18:41:00,297] {dag.py:2935} INFO - Setting next_dagrun for power_plant_data to 2025-04-13T00:00:00+00:00
[2025-04-13 18:41:00,313] {processor.py:171} INFO - Processing /opt/airflow/dags/dag_data_ingest.py took 0.292 seconds
[2025-04-13 18:41:30,507] {processor.py:163} INFO - Started process (PID=676) to work on /opt/airflow/dags/dag_data_ingest.py
[2025-04-13 18:41:30,508] {processor.py:642} INFO - Processing file /opt/airflow/dags/dag_data_ingest.py for tasks to queue
[2025-04-13 18:41:30,509] {logging_mixin.py:109} INFO - [2025-04-13 18:41:30,509] {dagbag.py:500} INFO - Filling up the DagBag from /opt/airflow/dags/dag_data_ingest.py
[2025-04-13 18:41:30,775] {processor.py:654} INFO - DAG(s) dict_keys(['country_code_data', 'power_plant_data']) retrieved from /opt/airflow/dags/dag_data_ingest.py
[2025-04-13 18:41:30,792] {logging_mixin.py:109} INFO - [2025-04-13 18:41:30,791] {dag.py:2396} INFO - Sync 2 DAGs
[2025-04-13 18:41:30,810] {logging_mixin.py:109} INFO - [2025-04-13 18:41:30,809] {dag.py:2935} INFO - Setting next_dagrun for country_code_data to 2025-04-13T00:00:00+00:00
[2025-04-13 18:41:30,811] {logging_mixin.py:109} INFO - [2025-04-13 18:41:30,811] {dag.py:2935} INFO - Setting next_dagrun for power_plant_data to 2025-04-13T00:00:00+00:00
[2025-04-13 18:41:30,824] {processor.py:171} INFO - Processing /opt/airflow/dags/dag_data_ingest.py took 0.319 seconds
[2025-04-13 18:42:01,061] {processor.py:163} INFO - Started process (PID=716) to work on /opt/airflow/dags/dag_data_ingest.py
[2025-04-13 18:42:01,062] {processor.py:642} INFO - Processing file /opt/airflow/dags/dag_data_ingest.py for tasks to queue
[2025-04-13 18:42:01,063] {logging_mixin.py:109} INFO - [2025-04-13 18:42:01,063] {dagbag.py:500} INFO - Filling up the DagBag from /opt/airflow/dags/dag_data_ingest.py
[2025-04-13 18:42:01,341] {processor.py:654} INFO - DAG(s) dict_keys(['country_code_data', 'power_plant_data']) retrieved from /opt/airflow/dags/dag_data_ingest.py
[2025-04-13 18:42:01,353] {logging_mixin.py:109} INFO - [2025-04-13 18:42:01,352] {dag.py:2396} INFO - Sync 2 DAGs
[2025-04-13 18:42:01,376] {logging_mixin.py:109} INFO - [2025-04-13 18:42:01,375] {dag.py:2935} INFO - Setting next_dagrun for country_code_data to 2025-04-13T00:00:00+00:00
[2025-04-13 18:42:01,377] {logging_mixin.py:109} INFO - [2025-04-13 18:42:01,377] {dag.py:2935} INFO - Setting next_dagrun for power_plant_data to 2025-04-13T00:00:00+00:00
[2025-04-13 18:42:01,394] {processor.py:171} INFO - Processing /opt/airflow/dags/dag_data_ingest.py took 0.337 seconds
[2025-04-13 18:42:31,625] {processor.py:163} INFO - Started process (PID=746) to work on /opt/airflow/dags/dag_data_ingest.py
[2025-04-13 18:42:31,626] {processor.py:642} INFO - Processing file /opt/airflow/dags/dag_data_ingest.py for tasks to queue
[2025-04-13 18:42:31,627] {logging_mixin.py:109} INFO - [2025-04-13 18:42:31,627] {dagbag.py:500} INFO - Filling up the DagBag from /opt/airflow/dags/dag_data_ingest.py
[2025-04-13 18:42:31,848] {processor.py:654} INFO - DAG(s) dict_keys(['country_code_data', 'power_plant_data']) retrieved from /opt/airflow/dags/dag_data_ingest.py
[2025-04-13 18:42:31,858] {logging_mixin.py:109} INFO - [2025-04-13 18:42:31,858] {dag.py:2396} INFO - Sync 2 DAGs
[2025-04-13 18:42:31,871] {logging_mixin.py:109} INFO - [2025-04-13 18:42:31,871] {dag.py:2935} INFO - Setting next_dagrun for country_code_data to 2025-04-13T00:00:00+00:00
[2025-04-13 18:42:31,872] {logging_mixin.py:109} INFO - [2025-04-13 18:42:31,872] {dag.py:2935} INFO - Setting next_dagrun for power_plant_data to 2025-04-13T00:00:00+00:00
[2025-04-13 18:42:31,906] {processor.py:171} INFO - Processing /opt/airflow/dags/dag_data_ingest.py took 0.284 seconds
[2025-04-13 18:43:02,117] {processor.py:163} INFO - Started process (PID=787) to work on /opt/airflow/dags/dag_data_ingest.py
[2025-04-13 18:43:02,118] {processor.py:642} INFO - Processing file /opt/airflow/dags/dag_data_ingest.py for tasks to queue
[2025-04-13 18:43:02,119] {logging_mixin.py:109} INFO - [2025-04-13 18:43:02,119] {dagbag.py:500} INFO - Filling up the DagBag from /opt/airflow/dags/dag_data_ingest.py
[2025-04-13 18:43:02,493] {processor.py:654} INFO - DAG(s) dict_keys(['country_code_data', 'power_plant_data']) retrieved from /opt/airflow/dags/dag_data_ingest.py
[2025-04-13 18:43:02,510] {logging_mixin.py:109} INFO - [2025-04-13 18:43:02,509] {dag.py:2396} INFO - Sync 2 DAGs
[2025-04-13 18:43:02,523] {logging_mixin.py:109} INFO - [2025-04-13 18:43:02,523] {dag.py:2935} INFO - Setting next_dagrun for country_code_data to 2025-04-13T00:00:00+00:00
[2025-04-13 18:43:02,524] {logging_mixin.py:109} INFO - [2025-04-13 18:43:02,524] {dag.py:2935} INFO - Setting next_dagrun for power_plant_data to 2025-04-13T00:00:00+00:00
[2025-04-13 18:43:02,536] {processor.py:171} INFO - Processing /opt/airflow/dags/dag_data_ingest.py took 0.421 seconds
[2025-04-13 18:43:32,728] {processor.py:163} INFO - Started process (PID=817) to work on /opt/airflow/dags/dag_data_ingest.py
[2025-04-13 18:43:32,730] {processor.py:642} INFO - Processing file /opt/airflow/dags/dag_data_ingest.py for tasks to queue
[2025-04-13 18:43:32,731] {logging_mixin.py:109} INFO - [2025-04-13 18:43:32,731] {dagbag.py:500} INFO - Filling up the DagBag from /opt/airflow/dags/dag_data_ingest.py
[2025-04-13 18:43:32,988] {processor.py:654} INFO - DAG(s) dict_keys(['country_code_data', 'power_plant_data']) retrieved from /opt/airflow/dags/dag_data_ingest.py
[2025-04-13 18:43:33,005] {logging_mixin.py:109} INFO - [2025-04-13 18:43:33,004] {dag.py:2396} INFO - Sync 2 DAGs
[2025-04-13 18:43:33,023] {logging_mixin.py:109} INFO - [2025-04-13 18:43:33,023] {dag.py:2935} INFO - Setting next_dagrun for country_code_data to 2025-04-13T00:00:00+00:00
[2025-04-13 18:43:33,024] {logging_mixin.py:109} INFO - [2025-04-13 18:43:33,024] {dag.py:2935} INFO - Setting next_dagrun for power_plant_data to 2025-04-13T00:00:00+00:00
[2025-04-13 18:43:33,044] {processor.py:171} INFO - Processing /opt/airflow/dags/dag_data_ingest.py took 0.320 seconds
[2025-04-13 18:44:03,223] {processor.py:163} INFO - Started process (PID=863) to work on /opt/airflow/dags/dag_data_ingest.py
[2025-04-13 18:44:03,224] {processor.py:642} INFO - Processing file /opt/airflow/dags/dag_data_ingest.py for tasks to queue
[2025-04-13 18:44:03,225] {logging_mixin.py:109} INFO - [2025-04-13 18:44:03,225] {dagbag.py:500} INFO - Filling up the DagBag from /opt/airflow/dags/dag_data_ingest.py
[2025-04-13 18:44:03,466] {processor.py:654} INFO - DAG(s) dict_keys(['country_code_data', 'power_plant_data']) retrieved from /opt/airflow/dags/dag_data_ingest.py
[2025-04-13 18:44:03,479] {logging_mixin.py:109} INFO - [2025-04-13 18:44:03,478] {dag.py:2396} INFO - Sync 2 DAGs
[2025-04-13 18:44:03,492] {logging_mixin.py:109} INFO - [2025-04-13 18:44:03,492] {dag.py:2935} INFO - Setting next_dagrun for country_code_data to 2025-04-13T00:00:00+00:00
[2025-04-13 18:44:03,493] {logging_mixin.py:109} INFO - [2025-04-13 18:44:03,493] {dag.py:2935} INFO - Setting next_dagrun for power_plant_data to 2025-04-13T00:00:00+00:00
[2025-04-13 18:44:03,504] {processor.py:171} INFO - Processing /opt/airflow/dags/dag_data_ingest.py took 0.284 seconds
[2025-04-13 18:44:33,774] {processor.py:163} INFO - Started process (PID=893) to work on /opt/airflow/dags/dag_data_ingest.py
[2025-04-13 18:44:33,775] {processor.py:642} INFO - Processing file /opt/airflow/dags/dag_data_ingest.py for tasks to queue
[2025-04-13 18:44:33,776] {logging_mixin.py:109} INFO - [2025-04-13 18:44:33,776] {dagbag.py:500} INFO - Filling up the DagBag from /opt/airflow/dags/dag_data_ingest.py
[2025-04-13 18:44:33,984] {processor.py:654} INFO - DAG(s) dict_keys(['country_code_data', 'power_plant_data']) retrieved from /opt/airflow/dags/dag_data_ingest.py
[2025-04-13 18:44:33,997] {logging_mixin.py:109} INFO - [2025-04-13 18:44:33,996] {dag.py:2396} INFO - Sync 2 DAGs
[2025-04-13 18:44:34,009] {logging_mixin.py:109} INFO - [2025-04-13 18:44:34,009] {dag.py:2935} INFO - Setting next_dagrun for country_code_data to 2025-04-13T00:00:00+00:00
[2025-04-13 18:44:34,011] {logging_mixin.py:109} INFO - [2025-04-13 18:44:34,011] {dag.py:2935} INFO - Setting next_dagrun for power_plant_data to 2025-04-13T00:00:00+00:00
[2025-04-13 18:44:34,021] {processor.py:171} INFO - Processing /opt/airflow/dags/dag_data_ingest.py took 0.249 seconds
[2025-04-13 18:45:04,215] {processor.py:163} INFO - Started process (PID=933) to work on /opt/airflow/dags/dag_data_ingest.py
[2025-04-13 18:45:04,216] {processor.py:642} INFO - Processing file /opt/airflow/dags/dag_data_ingest.py for tasks to queue
[2025-04-13 18:45:04,217] {logging_mixin.py:109} INFO - [2025-04-13 18:45:04,217] {dagbag.py:500} INFO - Filling up the DagBag from /opt/airflow/dags/dag_data_ingest.py
[2025-04-13 18:45:04,408] {processor.py:654} INFO - DAG(s) dict_keys(['country_code_data', 'power_plant_data']) retrieved from /opt/airflow/dags/dag_data_ingest.py
[2025-04-13 18:45:04,420] {logging_mixin.py:109} INFO - [2025-04-13 18:45:04,419] {dag.py:2396} INFO - Sync 2 DAGs
[2025-04-13 18:45:04,431] {logging_mixin.py:109} INFO - [2025-04-13 18:45:04,431] {dag.py:2935} INFO - Setting next_dagrun for country_code_data to 2025-04-13T00:00:00+00:00
[2025-04-13 18:45:04,432] {logging_mixin.py:109} INFO - [2025-04-13 18:45:04,432] {dag.py:2935} INFO - Setting next_dagrun for power_plant_data to 2025-04-13T00:00:00+00:00
[2025-04-13 18:45:04,442] {processor.py:171} INFO - Processing /opt/airflow/dags/dag_data_ingest.py took 0.230 seconds
[2025-04-13 18:45:34,686] {processor.py:163} INFO - Started process (PID=972) to work on /opt/airflow/dags/dag_data_ingest.py
[2025-04-13 18:45:34,687] {processor.py:642} INFO - Processing file /opt/airflow/dags/dag_data_ingest.py for tasks to queue
[2025-04-13 18:45:34,687] {logging_mixin.py:109} INFO - [2025-04-13 18:45:34,687] {dagbag.py:500} INFO - Filling up the DagBag from /opt/airflow/dags/dag_data_ingest.py
[2025-04-13 18:45:34,897] {processor.py:654} INFO - DAG(s) dict_keys(['country_code_data', 'power_plant_data']) retrieved from /opt/airflow/dags/dag_data_ingest.py
[2025-04-13 18:45:34,908] {logging_mixin.py:109} INFO - [2025-04-13 18:45:34,907] {dag.py:2396} INFO - Sync 2 DAGs
[2025-04-13 18:45:34,920] {logging_mixin.py:109} INFO - [2025-04-13 18:45:34,920] {dag.py:2935} INFO - Setting next_dagrun for country_code_data to 2025-04-13T00:00:00+00:00
[2025-04-13 18:45:34,921] {logging_mixin.py:109} INFO - [2025-04-13 18:45:34,921] {dag.py:2935} INFO - Setting next_dagrun for power_plant_data to 2025-04-13T00:00:00+00:00
[2025-04-13 18:45:34,931] {processor.py:171} INFO - Processing /opt/airflow/dags/dag_data_ingest.py took 0.248 seconds
[2025-04-13 18:46:05,150] {processor.py:163} INFO - Started process (PID=1003) to work on /opt/airflow/dags/dag_data_ingest.py
[2025-04-13 18:46:05,151] {processor.py:642} INFO - Processing file /opt/airflow/dags/dag_data_ingest.py for tasks to queue
[2025-04-13 18:46:05,152] {logging_mixin.py:109} INFO - [2025-04-13 18:46:05,152] {dagbag.py:500} INFO - Filling up the DagBag from /opt/airflow/dags/dag_data_ingest.py
[2025-04-13 18:46:05,395] {processor.py:654} INFO - DAG(s) dict_keys(['country_code_data', 'power_plant_data']) retrieved from /opt/airflow/dags/dag_data_ingest.py
[2025-04-13 18:46:05,423] {logging_mixin.py:109} INFO - [2025-04-13 18:46:05,420] {dag.py:2396} INFO - Sync 2 DAGs
[2025-04-13 18:46:05,479] {logging_mixin.py:109} INFO - [2025-04-13 18:46:05,479] {dag.py:2935} INFO - Setting next_dagrun for country_code_data to 2025-04-13T00:00:00+00:00
[2025-04-13 18:46:05,481] {logging_mixin.py:109} INFO - [2025-04-13 18:46:05,480] {dag.py:2935} INFO - Setting next_dagrun for power_plant_data to 2025-04-13T00:00:00+00:00
[2025-04-13 18:46:05,500] {processor.py:171} INFO - Processing /opt/airflow/dags/dag_data_ingest.py took 0.352 seconds
[2025-04-13 18:46:35,729] {processor.py:163} INFO - Started process (PID=1043) to work on /opt/airflow/dags/dag_data_ingest.py
[2025-04-13 18:46:35,730] {processor.py:642} INFO - Processing file /opt/airflow/dags/dag_data_ingest.py for tasks to queue
[2025-04-13 18:46:35,731] {logging_mixin.py:109} INFO - [2025-04-13 18:46:35,731] {dagbag.py:500} INFO - Filling up the DagBag from /opt/airflow/dags/dag_data_ingest.py
[2025-04-13 18:46:35,941] {processor.py:654} INFO - DAG(s) dict_keys(['country_code_data', 'power_plant_data']) retrieved from /opt/airflow/dags/dag_data_ingest.py
[2025-04-13 18:46:35,952] {logging_mixin.py:109} INFO - [2025-04-13 18:46:35,951] {dag.py:2396} INFO - Sync 2 DAGs
[2025-04-13 18:46:35,965] {logging_mixin.py:109} INFO - [2025-04-13 18:46:35,965] {dag.py:2935} INFO - Setting next_dagrun for country_code_data to 2025-04-13T00:00:00+00:00
[2025-04-13 18:46:35,967] {logging_mixin.py:109} INFO - [2025-04-13 18:46:35,967] {dag.py:2935} INFO - Setting next_dagrun for power_plant_data to 2025-04-13T00:00:00+00:00
[2025-04-13 18:46:35,977] {processor.py:171} INFO - Processing /opt/airflow/dags/dag_data_ingest.py took 0.250 seconds
[2025-04-13 18:47:06,238] {processor.py:163} INFO - Started process (PID=1073) to work on /opt/airflow/dags/dag_data_ingest.py
[2025-04-13 18:47:06,240] {processor.py:642} INFO - Processing file /opt/airflow/dags/dag_data_ingest.py for tasks to queue
[2025-04-13 18:47:06,241] {logging_mixin.py:109} INFO - [2025-04-13 18:47:06,241] {dagbag.py:500} INFO - Filling up the DagBag from /opt/airflow/dags/dag_data_ingest.py
[2025-04-13 18:47:06,463] {processor.py:654} INFO - DAG(s) dict_keys(['country_code_data', 'power_plant_data']) retrieved from /opt/airflow/dags/dag_data_ingest.py
[2025-04-13 18:47:06,474] {logging_mixin.py:109} INFO - [2025-04-13 18:47:06,474] {dag.py:2396} INFO - Sync 2 DAGs
[2025-04-13 18:47:06,487] {logging_mixin.py:109} INFO - [2025-04-13 18:47:06,487] {dag.py:2935} INFO - Setting next_dagrun for country_code_data to 2025-04-13T00:00:00+00:00
[2025-04-13 18:47:06,488] {logging_mixin.py:109} INFO - [2025-04-13 18:47:06,488] {dag.py:2935} INFO - Setting next_dagrun for power_plant_data to 2025-04-13T00:00:00+00:00
[2025-04-13 18:47:06,502] {processor.py:171} INFO - Processing /opt/airflow/dags/dag_data_ingest.py took 0.267 seconds
[2025-04-13 18:47:36,739] {processor.py:163} INFO - Started process (PID=1113) to work on /opt/airflow/dags/dag_data_ingest.py
[2025-04-13 18:47:36,741] {processor.py:642} INFO - Processing file /opt/airflow/dags/dag_data_ingest.py for tasks to queue
[2025-04-13 18:47:36,742] {logging_mixin.py:109} INFO - [2025-04-13 18:47:36,742] {dagbag.py:500} INFO - Filling up the DagBag from /opt/airflow/dags/dag_data_ingest.py
[2025-04-13 18:47:36,934] {processor.py:654} INFO - DAG(s) dict_keys(['country_code_data', 'power_plant_data']) retrieved from /opt/airflow/dags/dag_data_ingest.py
[2025-04-13 18:47:36,945] {logging_mixin.py:109} INFO - [2025-04-13 18:47:36,944] {dag.py:2396} INFO - Sync 2 DAGs
[2025-04-13 18:47:36,956] {logging_mixin.py:109} INFO - [2025-04-13 18:47:36,956] {dag.py:2935} INFO - Setting next_dagrun for country_code_data to 2025-04-13T00:00:00+00:00
[2025-04-13 18:47:36,957] {logging_mixin.py:109} INFO - [2025-04-13 18:47:36,957] {dag.py:2935} INFO - Setting next_dagrun for power_plant_data to 2025-04-13T00:00:00+00:00
[2025-04-13 18:47:36,971] {processor.py:171} INFO - Processing /opt/airflow/dags/dag_data_ingest.py took 0.236 seconds
[2025-04-13 18:48:07,183] {processor.py:163} INFO - Started process (PID=1143) to work on /opt/airflow/dags/dag_data_ingest.py
[2025-04-13 18:48:07,184] {processor.py:642} INFO - Processing file /opt/airflow/dags/dag_data_ingest.py for tasks to queue
[2025-04-13 18:48:07,185] {logging_mixin.py:109} INFO - [2025-04-13 18:48:07,185] {dagbag.py:500} INFO - Filling up the DagBag from /opt/airflow/dags/dag_data_ingest.py
[2025-04-13 18:48:07,533] {processor.py:654} INFO - DAG(s) dict_keys(['country_code_data', 'power_plant_data']) retrieved from /opt/airflow/dags/dag_data_ingest.py
[2025-04-13 18:48:07,545] {logging_mixin.py:109} INFO - [2025-04-13 18:48:07,544] {dag.py:2396} INFO - Sync 2 DAGs
[2025-04-13 18:48:07,559] {logging_mixin.py:109} INFO - [2025-04-13 18:48:07,559] {dag.py:2935} INFO - Setting next_dagrun for country_code_data to 2025-04-13T00:00:00+00:00
[2025-04-13 18:48:07,560] {logging_mixin.py:109} INFO - [2025-04-13 18:48:07,560] {dag.py:2935} INFO - Setting next_dagrun for power_plant_data to 2025-04-13T00:00:00+00:00
[2025-04-13 18:48:07,568] {processor.py:171} INFO - Processing /opt/airflow/dags/dag_data_ingest.py took 0.388 seconds
[2025-04-13 18:48:37,814] {processor.py:163} INFO - Started process (PID=1184) to work on /opt/airflow/dags/dag_data_ingest.py
[2025-04-13 18:48:37,815] {processor.py:642} INFO - Processing file /opt/airflow/dags/dag_data_ingest.py for tasks to queue
[2025-04-13 18:48:37,815] {logging_mixin.py:109} INFO - [2025-04-13 18:48:37,815] {dagbag.py:500} INFO - Filling up the DagBag from /opt/airflow/dags/dag_data_ingest.py
[2025-04-13 18:48:38,033] {processor.py:654} INFO - DAG(s) dict_keys(['country_code_data', 'power_plant_data']) retrieved from /opt/airflow/dags/dag_data_ingest.py
[2025-04-13 18:48:38,043] {logging_mixin.py:109} INFO - [2025-04-13 18:48:38,042] {dag.py:2396} INFO - Sync 2 DAGs
[2025-04-13 18:48:38,055] {logging_mixin.py:109} INFO - [2025-04-13 18:48:38,055] {dag.py:2935} INFO - Setting next_dagrun for country_code_data to 2025-04-13T00:00:00+00:00
[2025-04-13 18:48:38,056] {logging_mixin.py:109} INFO - [2025-04-13 18:48:38,056] {dag.py:2935} INFO - Setting next_dagrun for power_plant_data to 2025-04-13T00:00:00+00:00
[2025-04-13 18:48:38,070] {processor.py:171} INFO - Processing /opt/airflow/dags/dag_data_ingest.py took 0.258 seconds
[2025-04-13 18:49:08,284] {processor.py:163} INFO - Started process (PID=1221) to work on /opt/airflow/dags/dag_data_ingest.py
[2025-04-13 18:49:08,285] {processor.py:642} INFO - Processing file /opt/airflow/dags/dag_data_ingest.py for tasks to queue
[2025-04-13 18:49:08,285] {logging_mixin.py:109} INFO - [2025-04-13 18:49:08,285] {dagbag.py:500} INFO - Filling up the DagBag from /opt/airflow/dags/dag_data_ingest.py
[2025-04-13 18:49:08,489] {processor.py:654} INFO - DAG(s) dict_keys(['country_code_data', 'power_plant_data']) retrieved from /opt/airflow/dags/dag_data_ingest.py
[2025-04-13 18:49:08,501] {logging_mixin.py:109} INFO - [2025-04-13 18:49:08,500] {dag.py:2396} INFO - Sync 2 DAGs
[2025-04-13 18:49:08,513] {logging_mixin.py:109} INFO - [2025-04-13 18:49:08,513] {dag.py:2935} INFO - Setting next_dagrun for country_code_data to 2025-04-13T00:00:00+00:00
[2025-04-13 18:49:08,514] {logging_mixin.py:109} INFO - [2025-04-13 18:49:08,514] {dag.py:2935} INFO - Setting next_dagrun for power_plant_data to 2025-04-13T00:00:00+00:00
[2025-04-13 18:49:08,529] {processor.py:171} INFO - Processing /opt/airflow/dags/dag_data_ingest.py took 0.247 seconds
[2025-04-13 18:49:38,827] {processor.py:163} INFO - Started process (PID=1254) to work on /opt/airflow/dags/dag_data_ingest.py
[2025-04-13 18:49:38,829] {processor.py:642} INFO - Processing file /opt/airflow/dags/dag_data_ingest.py for tasks to queue
[2025-04-13 18:49:38,830] {logging_mixin.py:109} INFO - [2025-04-13 18:49:38,830] {dagbag.py:500} INFO - Filling up the DagBag from /opt/airflow/dags/dag_data_ingest.py
[2025-04-13 18:49:39,026] {processor.py:654} INFO - DAG(s) dict_keys(['country_code_data', 'power_plant_data']) retrieved from /opt/airflow/dags/dag_data_ingest.py
[2025-04-13 18:49:39,036] {logging_mixin.py:109} INFO - [2025-04-13 18:49:39,035] {dag.py:2396} INFO - Sync 2 DAGs
[2025-04-13 18:49:39,047] {logging_mixin.py:109} INFO - [2025-04-13 18:49:39,047] {dag.py:2935} INFO - Setting next_dagrun for country_code_data to 2025-04-13T00:00:00+00:00
[2025-04-13 18:49:39,048] {logging_mixin.py:109} INFO - [2025-04-13 18:49:39,048] {dag.py:2935} INFO - Setting next_dagrun for power_plant_data to 2025-04-13T00:00:00+00:00
[2025-04-13 18:49:39,062] {processor.py:171} INFO - Processing /opt/airflow/dags/dag_data_ingest.py took 0.239 seconds
[2025-04-13 18:50:09,287] {processor.py:163} INFO - Started process (PID=1294) to work on /opt/airflow/dags/dag_data_ingest.py
[2025-04-13 18:50:09,288] {processor.py:642} INFO - Processing file /opt/airflow/dags/dag_data_ingest.py for tasks to queue
[2025-04-13 18:50:09,289] {logging_mixin.py:109} INFO - [2025-04-13 18:50:09,289] {dagbag.py:500} INFO - Filling up the DagBag from /opt/airflow/dags/dag_data_ingest.py
[2025-04-13 18:50:09,550] {processor.py:654} INFO - DAG(s) dict_keys(['country_code_data', 'power_plant_data']) retrieved from /opt/airflow/dags/dag_data_ingest.py
[2025-04-13 18:50:09,563] {logging_mixin.py:109} INFO - [2025-04-13 18:50:09,562] {dag.py:2396} INFO - Sync 2 DAGs
[2025-04-13 18:50:09,577] {logging_mixin.py:109} INFO - [2025-04-13 18:50:09,577] {dag.py:2935} INFO - Setting next_dagrun for country_code_data to 2025-04-13T00:00:00+00:00
[2025-04-13 18:50:09,578] {logging_mixin.py:109} INFO - [2025-04-13 18:50:09,578] {dag.py:2935} INFO - Setting next_dagrun for power_plant_data to 2025-04-13T00:00:00+00:00
[2025-04-13 18:50:09,587] {processor.py:171} INFO - Processing /opt/airflow/dags/dag_data_ingest.py took 0.303 seconds
[2025-04-13 18:50:39,784] {processor.py:163} INFO - Started process (PID=1324) to work on /opt/airflow/dags/dag_data_ingest.py
[2025-04-13 18:50:39,785] {processor.py:642} INFO - Processing file /opt/airflow/dags/dag_data_ingest.py for tasks to queue
[2025-04-13 18:50:39,785] {logging_mixin.py:109} INFO - [2025-04-13 18:50:39,785] {dagbag.py:500} INFO - Filling up the DagBag from /opt/airflow/dags/dag_data_ingest.py
[2025-04-13 18:50:39,989] {processor.py:654} INFO - DAG(s) dict_keys(['country_code_data', 'power_plant_data']) retrieved from /opt/airflow/dags/dag_data_ingest.py
[2025-04-13 18:50:39,999] {logging_mixin.py:109} INFO - [2025-04-13 18:50:39,998] {dag.py:2396} INFO - Sync 2 DAGs
[2025-04-13 18:50:40,011] {logging_mixin.py:109} INFO - [2025-04-13 18:50:40,011] {dag.py:2935} INFO - Setting next_dagrun for country_code_data to 2025-04-13T00:00:00+00:00
[2025-04-13 18:50:40,012] {logging_mixin.py:109} INFO - [2025-04-13 18:50:40,012] {dag.py:2935} INFO - Setting next_dagrun for power_plant_data to 2025-04-13T00:00:00+00:00
[2025-04-13 18:50:40,028] {processor.py:171} INFO - Processing /opt/airflow/dags/dag_data_ingest.py took 0.247 seconds
[2025-04-13 18:51:10,247] {processor.py:163} INFO - Started process (PID=1363) to work on /opt/airflow/dags/dag_data_ingest.py
[2025-04-13 18:51:10,248] {processor.py:642} INFO - Processing file /opt/airflow/dags/dag_data_ingest.py for tasks to queue
[2025-04-13 18:51:10,250] {logging_mixin.py:109} INFO - [2025-04-13 18:51:10,249] {dagbag.py:500} INFO - Filling up the DagBag from /opt/airflow/dags/dag_data_ingest.py
[2025-04-13 18:51:10,467] {processor.py:654} INFO - DAG(s) dict_keys(['country_code_data', 'power_plant_data']) retrieved from /opt/airflow/dags/dag_data_ingest.py
[2025-04-13 18:51:10,478] {logging_mixin.py:109} INFO - [2025-04-13 18:51:10,477] {dag.py:2396} INFO - Sync 2 DAGs
[2025-04-13 18:51:10,491] {logging_mixin.py:109} INFO - [2025-04-13 18:51:10,491] {dag.py:2935} INFO - Setting next_dagrun for country_code_data to 2025-04-13T00:00:00+00:00
[2025-04-13 18:51:10,492] {logging_mixin.py:109} INFO - [2025-04-13 18:51:10,492] {dag.py:2935} INFO - Setting next_dagrun for power_plant_data to 2025-04-13T00:00:00+00:00
[2025-04-13 18:51:10,508] {processor.py:171} INFO - Processing /opt/airflow/dags/dag_data_ingest.py took 0.264 seconds
[2025-04-13 18:51:40,739] {processor.py:163} INFO - Started process (PID=1393) to work on /opt/airflow/dags/dag_data_ingest.py
[2025-04-13 18:51:40,741] {processor.py:642} INFO - Processing file /opt/airflow/dags/dag_data_ingest.py for tasks to queue
[2025-04-13 18:51:40,742] {logging_mixin.py:109} INFO - [2025-04-13 18:51:40,742] {dagbag.py:500} INFO - Filling up the DagBag from /opt/airflow/dags/dag_data_ingest.py
[2025-04-13 18:51:40,946] {processor.py:654} INFO - DAG(s) dict_keys(['country_code_data', 'power_plant_data']) retrieved from /opt/airflow/dags/dag_data_ingest.py
[2025-04-13 18:51:40,965] {logging_mixin.py:109} INFO - [2025-04-13 18:51:40,964] {dag.py:2396} INFO - Sync 2 DAGs
[2025-04-13 18:51:40,986] {logging_mixin.py:109} INFO - [2025-04-13 18:51:40,986] {dag.py:2935} INFO - Setting next_dagrun for country_code_data to 2025-04-13T00:00:00+00:00
[2025-04-13 18:51:40,989] {logging_mixin.py:109} INFO - [2025-04-13 18:51:40,989] {dag.py:2935} INFO - Setting next_dagrun for power_plant_data to 2025-04-13T00:00:00+00:00
[2025-04-13 18:51:41,009] {processor.py:171} INFO - Processing /opt/airflow/dags/dag_data_ingest.py took 0.274 seconds
